[19:24:49] [main/INFO] (FabricLoader/GameProvider) Loading Minecraft 1.20.1 with Fabric Loader 0.15.11
[19:24:49] [main/INFO] (FabricLoader) Loading 59 mods:
	- cui 1.0.0
	- fabric-api 0.92.2+1.20.1
	- fabric-api-base 0.4.31+1802ada577
	- fabric-api-lookup-api-v1 1.6.36+1802ada577
	- fabric-biome-api-v1 13.0.13+1802ada577
	- fabric-block-api-v1 1.0.11+1802ada577
	- fabric-block-view-api-v2 1.0.1+1802ada577
	- fabric-blockrenderlayer-v1 1.1.41+1802ada577
	- fabric-client-tags-api-v1 1.1.2+1802ada577
	- fabric-command-api-v1 1.2.34+f71b366f77
	- fabric-command-api-v2 2.2.13+1802ada577
	- fabric-commands-v0 0.2.51+df3654b377
	- fabric-containers-v0 0.1.64+df3654b377
	- fabric-content-registries-v0 4.0.11+1802ada577
	- fabric-convention-tags-v1 1.5.5+1802ada577
	- fabric-crash-report-info-v1 0.2.19+1802ada577
	- fabric-data-attachment-api-v1 1.0.0+de0fd6d177
	- fabric-data-generation-api-v1 12.3.4+1802ada577
	- fabric-dimensions-v1 2.1.54+1802ada577
	- fabric-entity-events-v1 1.6.0+1c78457f77
	- fabric-events-interaction-v0 0.6.2+1802ada577
	- fabric-events-lifecycle-v0 0.2.63+df3654b377
	- fabric-game-rule-api-v1 1.0.40+1802ada577
	- fabric-gametest-api-v1 1.2.13+1802ada577
	- fabric-item-api-v1 2.1.28+1802ada577
	- fabric-item-group-api-v1 4.0.12+1802ada577
	- fabric-key-binding-api-v1 1.0.37+1802ada577
	- fabric-keybindings-v0 0.2.35+df3654b377
	- fabric-lifecycle-events-v1 2.2.22+1802ada577
	- fabric-loot-api-v2 1.2.1+1802ada577
	- fabric-loot-tables-v1 1.1.45+9e7660c677
	- fabric-message-api-v1 5.1.9+1802ada577
	- fabric-mining-level-api-v1 2.1.50+1802ada577
	- fabric-model-loading-api-v1 1.0.3+1802ada577
	- fabric-models-v0 0.4.2+9386d8a777
	- fabric-networking-api-v1 1.3.11+1802ada577
	- fabric-networking-v0 0.3.51+df3654b377
	- fabric-object-builder-api-v1 11.1.3+1802ada577
	- fabric-particles-v1 1.1.2+1802ada577
	- fabric-recipe-api-v1 1.0.21+1802ada577
	- fabric-registry-sync-v0 2.3.3+1802ada577
	- fabric-renderer-api-v1 3.2.1+1802ada577
	- fabric-renderer-indigo 1.5.2+85287f9f77
	- fabric-renderer-registries-v1 3.2.46+df3654b377
	- fabric-rendering-data-attachment-v1 0.3.37+92a0d36777
	- fabric-rendering-fluids-v1 3.0.28+1802ada577
	- fabric-rendering-v0 1.1.49+df3654b377
	- fabric-rendering-v1 3.0.8+1802ada577
	- fabric-resource-conditions-api-v1 2.3.8+1802ada577
	- fabric-resource-loader-v0 0.11.10+1802ada577
	- fabric-screen-api-v1 2.0.8+1802ada577
	- fabric-screen-handler-api-v1 1.3.30+1802ada577
	- fabric-sound-api-v1 1.0.13+1802ada577
	- fabric-transfer-api-v1 3.3.5+8dd72ea377
	- fabric-transitive-access-wideners-v1 4.3.1+1802ada577
	- fabricloader 0.15.11
	- java 21
	- minecraft 1.20.1
	- mixinextras 0.3.5
[19:24:49] [main/INFO] (FabricLoader/Mixin) SpongePowered MIXIN Subsystem Version=0.8.5 Source=file:/home/daunita/.gradle/caches/modules-2/files-2.1/net.fabricmc/sponge-mixin/0.13.3+mixin.0.8.5/9527e6b0d2449408958fd1302594dc65ec5ade9c/sponge-mixin-0.13.3+mixin.0.8.5.jar Service=Knot/Fabric Env=CLIENT
[19:24:49] [main/INFO] (FabricLoader/Mixin) Loaded Fabric development mappings for mixin remapper!
[19:24:49] [main/INFO] (FabricLoader/Mixin) Compatibility level set to JAVA_16
[19:24:49] [main/INFO] (FabricLoader/Mixin) Compatibility level set to JAVA_17
[19:24:50] [main/INFO] (FabricLoader/MixinExtras|Service) Initializing MixinExtras via com.llamalad7.mixinextras.service.MixinExtrasServiceImpl(version=0.3.5).
[19:24:52] [Datafixer Bootstrap/INFO] (Minecraft) 188 Datafixer optimizations took 137 milliseconds
[19:24:53] [Render thread/INFO] (Minecraft) Environment: authHost='https://authserver.mojang.com', accountsHost='https://api.mojang.com', sessionHost='https://sessionserver.mojang.com', servicesHost='https://api.minecraftservices.com', name='PROD'
[19:24:53] [Render thread/ERROR] (Minecraft) Failed to verify authentication
com.mojang.authlib.exceptions.InvalidCredentialsException: Status: 401
	at com.mojang.authlib.exceptions.MinecraftClientHttpException.toAuthenticationException(MinecraftClientHttpException.java:56) ~[authlib-4.0.43.jar:?]
	at com.mojang.authlib.yggdrasil.YggdrasilUserApiService.fetchProperties(YggdrasilUserApiService.java:156) ~[authlib-4.0.43.jar:?]
	at com.mojang.authlib.yggdrasil.YggdrasilUserApiService.<init>(YggdrasilUserApiService.java:55) ~[authlib-4.0.43.jar:?]
	at com.mojang.authlib.yggdrasil.YggdrasilAuthenticationService.createUserApiService(YggdrasilAuthenticationService.java:124) ~[authlib-4.0.43.jar:?]
	at net.minecraft.client.MinecraftClient.createUserApiService(MinecraftClient.java:737) ~[minecraft-clientOnly-7787b014d4-1.20.1-net.fabricmc.yarn.1_20_1.1.20.1+build.10-v2.jar:?]
	at net.minecraft.client.MinecraftClient.<init>(MinecraftClient.java:502) ~[minecraft-clientOnly-7787b014d4-1.20.1-net.fabricmc.yarn.1_20_1.1.20.1+build.10-v2.jar:?]
	at net.minecraft.client.main.Main.main(Main.java:188) ~[minecraft-clientOnly-7787b014d4-1.20.1-net.fabricmc.yarn.1_20_1.1.20.1+build.10-v2.jar:?]
	at net.fabricmc.loader.impl.game.minecraft.MinecraftGameProvider.launch(MinecraftGameProvider.java:470) ~[fabric-loader-0.15.11.jar:?]
	at net.fabricmc.loader.impl.launch.knot.Knot.launch(Knot.java:74) ~[fabric-loader-0.15.11.jar:?]
	at net.fabricmc.loader.impl.launch.knot.KnotClient.main(KnotClient.java:23) ~[fabric-loader-0.15.11.jar:?]
	at net.fabricmc.devlaunchinjector.Main.main(Main.java:86) ~[dev-launch-injector-0.2.1+build.8.jar:?]
Caused by: com.mojang.authlib.exceptions.MinecraftClientHttpException: Status: 401
	at com.mojang.authlib.minecraft.client.MinecraftClient.readInputStream(MinecraftClient.java:85) ~[authlib-4.0.43.jar:?]
	at com.mojang.authlib.minecraft.client.MinecraftClient.get(MinecraftClient.java:48) ~[authlib-4.0.43.jar:?]
	at com.mojang.authlib.yggdrasil.YggdrasilUserApiService.fetchProperties(YggdrasilUserApiService.java:129) ~[authlib-4.0.43.jar:?]
	... 9 more
[19:24:53] [Render thread/INFO] (Minecraft) Setting user: Player380
[19:24:53] [Render thread/INFO] (cui) Hello Fabric world!
[19:24:54] [Render thread/INFO] (Indigo) [Indigo] Registering Indigo renderer!
[19:24:54] [Render thread/INFO] (Minecraft) Backend library: LWJGL version 3.3.2-snapshot
[19:24:54] [Render thread/INFO] (Minecraft) [STDERR]: [LWJGL] [ThreadLocalUtil] Unsupported JNI version detected, this may result in a crash. Please inform LWJGL developers.
[19:24:54] [Render thread/ERROR] (Minecraft) Error while loading the narrator
com.mojang.text2speech.Narrator$InitializeException: Failed to load library flite
	at com.mojang.text2speech.NarratorLinux$FliteLibrary.loadNative(NarratorLinux.java:69) ~[text2speech-1.17.9.jar:?]
	at com.mojang.text2speech.NarratorLinux.<init>(NarratorLinux.java:18) ~[text2speech-1.17.9.jar:?]
	at com.mojang.text2speech.Narrator.getNarrator(Narrator.java:41) ~[text2speech-1.17.9.jar:?]
	at net.minecraft.client.util.NarratorManager.<init>(NarratorManager.java:31) ~[minecraft-clientOnly-7787b014d4-1.20.1-net.fabricmc.yarn.1_20_1.1.20.1+build.10-v2.jar:?]
	at net.minecraft.client.MinecraftClient.<init>(MinecraftClient.java:650) ~[minecraft-clientOnly-7787b014d4-1.20.1-net.fabricmc.yarn.1_20_1.1.20.1+build.10-v2.jar:?]
	at net.minecraft.client.main.Main.main(Main.java:188) ~[minecraft-clientOnly-7787b014d4-1.20.1-net.fabricmc.yarn.1_20_1.1.20.1+build.10-v2.jar:?]
	at net.fabricmc.loader.impl.game.minecraft.MinecraftGameProvider.launch(MinecraftGameProvider.java:470) ~[fabric-loader-0.15.11.jar:?]
	at net.fabricmc.loader.impl.launch.knot.Knot.launch(Knot.java:74) ~[fabric-loader-0.15.11.jar:?]
	at net.fabricmc.loader.impl.launch.knot.KnotClient.main(KnotClient.java:23) ~[fabric-loader-0.15.11.jar:?]
	at net.fabricmc.devlaunchinjector.Main.main(Main.java:86) ~[dev-launch-injector-0.2.1+build.8.jar:?]
Caused by: java.lang.UnsatisfiedLinkError: Unable to load library 'flite':
libflite.so: cannot open shared object file: No such file or directory
libflite.so: cannot open shared object file: No such file or directory
Native library (linux-x86-64/libflite.so) not found in resource path (/home/daunita/Desktop/cui/1.20.1/build/classes/java/client:/home/daunita/Desktop/cui/1.20.1/build/resources/client:/home/daunita/.gradle/caches/fabric-loom/1.20.1/net.fabricmc.yarn.1_20_1.1.20.1+build.10-v2/mappings.jar:/home/daunita/.gradle/caches/modules-2/files-2.1/org.ow2.asm/asm/9.6/aa205cf0a06dbd8e04ece91c0b37c3f5d567546a/asm-9.6.jar:/home/daunita/.gradle/caches/modules-2/files-2.1/org.ow2.asm/asm-analysis/9.6/9ce6c7b174bd997fc2552dff47964546bd7a5ec3/asm-analysis-9.6.jar:/home/daunita/.gradle/caches/modules-2/files-2.1/org.ow2.asm/asm-commons/9.6/f1a9e5508eff490744144565c47326c8648be309/asm-commons-9.6.jar:/home/daunita/.gradle/caches/modules-2/files-2.1/org.ow2.asm/asm-tree/9.6/c0cdda9d211e965d2a4448aa3fd86110f2f8c2de/asm-tree-9.6.jar:/home/daunita/.gradle/caches/modules-2/files-2.1/org.ow2.asm/asm-util/9.6/f77caf84eb93786a749b2baa40865b9613e3eaee/asm-util-9.6.jar:/home/daunita/.gradle/caches/modules-2/files-2.1/net.fabricmc/sponge-mixin/0.13.3+mixin.0.8.5/9527e6b0d2449408958fd1302594dc65ec5ade9c/sponge-mixin-0.13.3+mixin.0.8.5.jar:/home/daunita/.gradle/caches/modules-2/files-2.1/io.github.llamalad7/mixinextras-fabric/0.3.5/3b577be20ea942610b3045e4f0cd909fa415a9d3/mixinextras-fabric-0.3.5.jar:/home/daunita/.gradle/caches/modules-2/files-2.1/net.fabricmc/dev-launch-injector/0.2.1+build.8/da8bef7e6e2f952da707f282bdb46882a0fce5e3/dev-launch-injector-0.2.1+build.8.jar:/home/daunita/.gradle/caches/modules-2/files-2.1/net.minecrell/terminalconsoleappender/1.3.0/b562e9bb61235c9520e26282cdee71f8f802d1fc/terminalconsoleappender-1.3.0.jar:/home/daunita/.gradle/caches/modules-2/files-2.1/com.github.oshi/oshi-core/6.2.2/54f5efc19bca95d709d9a37d19ffcbba3d21c1a6/oshi-core-6.2.2.jar:/home/daunita/.gradle/caches/modules-2/files-2.1/com.google.code.gson/gson/2.10/dd9b193aef96e973d5a11ab13cd17430c2e4306b/gson-2.10.jar:/home/daunita/.gradle/caches/modules-2/files-2.1/com.google.guava/failureaccess/1.0.1/1dcf1de382a0bf95a3d8b0849546c88bac1292c9/failureaccess-1.0.1.jar:/home/daunita/.gradle/caches/modules-2/files-2.1/com.google.guava/guava/31.1-jre/60458f877d055d0c9114d9e1a2efb737b4bc282c/guava-31.1-jre.jar:/home/daunita/.gradle/caches/modules-2/files-2.1/com.ibm.icu/icu4j/71.1/9e7d3304c23f9ba5cb71915f7cce23231a57a445/icu4j-71.1.jar:/home/daunita/.gradle/caches/modules-2/files-2.1/com.mojang/authlib/4.0.43/2ff9d747a77570a07a60d32ac77eb6162ad2a2d9/authlib-4.0.43.jar:/home/daunita/.gradle/caches/modules-2/files-2.1/com.mojang/blocklist/1.0.10/5c685c5ffa94c4cd39496c7184c1d122e515ecef/blocklist-1.0.10.jar:/home/daunita/.gradle/caches/modules-2/files-2.1/com.mojang/brigadier/1.1.8/5244ce82c3337bba4a196a3ce858bfaecc74404a/brigadier-1.1.8.jar:/home/daunita/.gradle/caches/modules-2/files-2.1/com.mojang/datafixerupper/6.0.8/3ba4a30557a9b057760af4011f909ba619fc5125/datafixerupper-6.0.8.jar:/home/daunita/.gradle/caches/modules-2/files-2.1/com.mojang/logging/1.1.1/832b8e6674a9b325a5175a3a6267dfaf34c85139/logging-1.1.1.jar:/home/daunita/.gradle/caches/modules-2/files-2.1/com.mojang/patchy/2.2.10/da05971b07cbb379d002cf7eaec6a2048211fefc/patchy-2.2.10.jar:/home/daunita/.gradle/caches/modules-2/files-2.1/com.mojang/text2speech/1.17.9/3cad216e3a7f0c19b4b394388bc9ffc446f13b14/text2speech-1.17.9.jar:/home/daunita/.gradle/caches/modules-2/files-2.1/commons-codec/commons-codec/1.15/49d94806b6e3dc933dacbd8acb0fdbab8ebd1e5d/commons-codec-1.15.jar:/home/daunita/.gradle/caches/modules-2/files-2.1/commons-io/commons-io/2.11.0/a2503f302b11ebde7ebc3df41daebe0e4eea3689/commons-io-2.11.0.jar:/home/daunita/.gradle/caches/modules-2/files-2.1/commons-logging/commons-logging/1.2/4bfc12adfe4842bf07b657f0369c4cb522955686/commons-logging-1.2.jar:/home/daunita/.gradle/caches/modules-2/files-2.1/io.netty/netty-buffer/4.1.82.Final/a544270cf1ae8b8077082f5036436a9a9971ea71/netty-buffer-4.1.82.Final.jar:/home/daunita/.gradle/caches/modules-2/files-2.1/io.netty/netty-codec/4.1.82.Final/b77200379acb345a9ffdece1c605e591ac3e4e0a/netty-codec-4.1.82.Final.jar:/home/daunita/.gradle/caches/modules-2/files-2.1/io.netty/netty-common/4.1.82.Final/22d148e85c3f5ebdacc0ce1f5aabb1d420f73f3/netty-common-4.1.82.Final.jar:/home/daunita/.gradle/caches/modules-2/files-2.1/io.netty/netty-handler/4.1.82.Final/644041d1fa96a5d3130a29e8978630d716d76e38/netty-handler-4.1.82.Final.jar:/home/daunita/.gradle/caches/modules-2/files-2.1/io.netty/netty-resolver/4.1.82.Final/38f665ae8dcd29032eea31245ba7806bed2e0fa8/netty-resolver-4.1.82.Final.jar:/home/daunita/.gradle/caches/modules-2/files-2.1/io.netty/netty-transport-classes-epoll/4.1.82.Final/e7c7dd18deac93105797f30057c912651ea76521/netty-transport-classes-epoll-4.1.82.Final.jar:/home/daunita/.gradle/caches/modules-2/files-2.1/io.netty/netty-transport-native-epoll/4.1.82.Final/476409d6255001ca53a55f65b01c13822f8dc93a/netty-transport-native-epoll-4.1.82.Final-linux-aarch_64.jar:/home/daunita/.gradle/caches/modules-2/files-2.1/io.netty/netty-transport-native-epoll/4.1.82.Final/c7350a71920f3ae9142945e25fed4846cce53374/netty-transport-native-epoll-4.1.82.Final-linux-x86_64.jar:/home/daunita/.gradle/caches/modules-2/files-2.1/io.netty/netty-transport-native-unix-common/4.1.82.Final/3e895b35ca1b8a0eca56cacff4c2dde5d2c6abce/netty-transport-native-unix-common-4.1.82.Final.jar:/home/daunita/.gradle/caches/modules-2/files-2.1/io.netty/netty-transport/4.1.82.Final/e431a218d91acb6476ccad5f5aafde50aa3945ca/netty-transport-4.1.82.Final.jar:/home/daunita/.gradle/caches/modules-2/files-2.1/it.unimi.dsi/fastutil/8.5.9/bb7ea75ecdb216654237830b3a96d87ad91f8cc5/fastutil-8.5.9.jar:/home/daunita/.gradle/caches/modules-2/files-2.1/net.java.dev.jna/jna-platform/5.12.1/97406a297c852f4a41e688a176ec675f72e8329/jna-platform-5.12.1.jar:/home/daunita/.gradle/caches/modules-2/files-2.1/net.java.dev.jna/jna/5.12.1/b1e93a735caea94f503e95e6fe79bf9cdc1e985d/jna-5.12.1.jar:/home/daunita/.gradle/caches/modules-2/files-2.1/net.sf.jopt-simple/jopt-simple/5.0.4/4fdac2fbe92dfad86aa6e9301736f6b4342a3f5c/jopt-simple-5.0.4.jar:/home/daunita/.gradle/caches/modules-2/files-2.1/org.apache.commons/commons-compress/1.21/4ec95b60d4e86b5c95a0e919cb172a0af98011ef/commons-compress-1.21.jar:/home/daunita/.gradle/caches/modules-2/files-2.1/org.apache.commons/commons-lang3/3.12.0/c6842c86792ff03b9f1d1fe2aab8dc23aa6c6f0e/commons-lang3-3.12.0.jar:/home/daunita/.gradle/caches/modules-2/files-2.1/org.apache.httpcomponents/httpclient/4.5.13/e5f6cae5ca7ecaac1ec2827a9e2d65ae2869cada/httpclient-4.5.13.jar:/home/daunita/.gradle/caches/modules-2/files-2.1/org.apache.httpcomponents/httpcore/4.4.15/7f2e0c573eaa7a74bac2e89b359e1f73d92a0a1d/httpcore-4.4.15.jar:/home/daunita/.gradle/caches/modules-2/files-2.1/org.apache.logging.log4j/log4j-core/2.19.0/3b6eeb4de4c49c0fe38a4ee27188ff5fee44d0bb/log4j-core-2.19.0.jar:/home/daunita/.gradle/caches/modules-2/files-2.1/org.apache.logging.log4j/log4j-api/2.19.0/ea1b37f38c327596b216542bc636cfdc0b8036fa/log4j-api-2.19.0.jar:/home/daunita/.gradle/caches/modules-2/files-2.1/org.apache.logging.log4j/log4j-slf4j2-impl/2.19.0/5c04bfdd63ce9dceb2e284b81e96b6a70010ee10/log4j-slf4j2-impl-2.19.0.jar:/home/daunita/.gradle/caches/modules-2/files-2.1/org.joml/joml/1.10.5/22566d58af70ad3d72308bab63b8339906deb649/joml-1.10.5.jar:/home/daunita/.gradle/caches/modules-2/files-2.1/org.lwjgl/lwjgl-glfw/3.3.2/757920418805fb90bfebb3d46b1d9e7669fca2eb/lwjgl-glfw-3.3.2.jar:/home/daunita/.gradle/caches/modules-2/files-2.1/org.lwjgl/lwjgl-glfw/3.3.2/766bb0e8e829598b1c8052fd8173c62af741c52/lwjgl-glfw-3.3.2-natives-linux.jar:/home/daunita/.gradle/caches/modules-2/files-2.1/org.lwjgl/lwjgl-jemalloc/3.3.2/877e17e39ebcd58a9c956dc3b5b777813de0873a/lwjgl-jemalloc-3.3.2.jar:/home/daunita/.gradle/caches/modules-2/files-2.1/org.lwjgl/lwjgl-jemalloc/3.3.2/2bc33176cdfabf34a63df154b80914e8f433316b/lwjgl-jemalloc-3.3.2-natives-linux.jar:/home/daunita/.gradle/caches/modules-2/files-2.1/org.lwjgl/lwjgl-openal/3.3.2/ae5357ed6d934546d3533993ea84c0cfb75eed95/lwjgl-openal-3.3.2.jar:/home/daunita/.gradle/caches/modules-2/files-2.1/org.lwjgl/lwjgl-openal/3.3.2/650981780b8bbfb3ce43657b22ec8e77bfb1f37a/lwjgl-openal-3.3.2-natives-linux.jar:/home/daunita/.gradle/caches/modules-2/files-2.1/org.lwjgl/lwjgl-opengl/3.3.2/ee8e95be0b438602038bc1f02dc5e3d011b1b216/lwjgl-opengl-3.3.2.jar:/home/daunita/.gradle/caches/modules-2/files-2.1/org.lwjgl/lwjgl-opengl/3.3.2/b8368430ef0d91a5acbc6fbfa47b20c3ec083aec/lwjgl-opengl-3.3.2-natives-linux.jar:/home/daunita/.gradle/caches/modules-2/files-2.1/org.lwjgl/lwjgl-stb/3.3.2/a2550795014d622b686e9caac50b14baa87d2c70/lwjgl-stb-3.3.2.jar:/home/daunita/.gradle/caches/modules-2/files-2.1/org.lwjgl/lwjgl-stb/3.3.2/5c987f43b342d722b54970159040af76f1c87403/lwjgl-stb-3.3.2-natives-linux.jar:/home/daunita/.gradle/caches/modules-2/files-2.1/org.lwjgl/lwjgl-tinyfd/3.3.2/9f65c248dd77934105274fcf8351abb75b34327c/lwjgl-tinyfd-3.3.2.jar:/home/daunita/.gradle/caches/modules-2/files-2.1/org.lwjgl/lwjgl-tinyfd/3.3.2/5d27fc67172b3fcd8400d61a7cfb75da881f609/lwjgl-tinyfd-3.3.2-natives-linux.jar:/home/daunita/.gradle/caches/modules-2/files-2.1/org.lwjgl/lwjgl/3.3.2/4421d94af68e35dcaa31737a6fc59136a1e61b94/lwjgl-3.3.2.jar:/home/daunita/.gradle/caches/modules-2/files-2.1/org.lwjgl/lwjgl/3.3.2/767684973f259d97e7dc66a125eb153986f177e7/lwjgl-3.3.2-natives-linux.jar:/home/daunita/.gradle/caches/modules-2/files-2.1/org.slf4j/slf4j-api/2.0.1/f48d81adce2abf5ad3cfe463df517952749e03bc/slf4j-api-2.0.1.jar:/home/daunita/Desktop/cui/1.20.1/.gradle/loom-cache/minecraftMaven/net/minecraft/minecraft-clientOnly-7787b014d4/1.20.1-net.fabricmc.yarn.1_20_1.1.20.1+build.10-v2/minecraft-clientOnly-7787b014d4-1.20.1-net.fabricmc.yarn.1_20_1.1.20.1+build.10-v2.jar:/home/daunita/Desktop/cui/1.20.1/.gradle/loom-cache/minecraftMaven/net/minecraft/minecraft-common-7787b014d4/1.20.1-net.fabricmc.yarn.1_20_1.1.20.1+build.10-v2/minecraft-common-7787b014d4-1.20.1-net.fabricmc.yarn.1_20_1.1.20.1+build.10-v2.jar:/home/daunita/Desktop/cui/1.20.1/.gradle/loom-cache/remapped_mods/net_fabricmc_yarn_1_20_1_1_20_1_build_10_v2/net/fabricmc/fabric-api/fabric-transfer-api-v1-client/3.3.5+8dd72ea377/fabric-transfer-api-v1-client-3.3.5+8dd72ea377.jar:/home/daunita/Desktop/cui/1.20.1/.gradle/loom-cache/remapped_mods/net_fabricmc_yarn_1_20_1_1_20_1_build_10_v2/net/fabricmc/fabric-api/fabric-blockrenderlayer-v1-client/1.1.41+1802ada577/fabric-blockrenderlayer-v1-client-1.1.41+1802ada577.jar:/home/daunita/Desktop/cui/1.20.1/.gradle/loom-cache/remapped_mods/net_fabricmc_yarn_1_20_1_1_20_1_build_10_v2/net/fabricmc/fabric-api/fabric-client-tags-api-v1-client/1.1.2+1802ada577/fabric-client-tags-api-v1-client-1.1.2+1802ada577.jar:/home/daunita/Desktop/cui/1.20.1/.gradle/loom-cache/remapped_mods/net_fabricmc_yarn_1_20_1_1_20_1_build_10_v2/net/fabricmc/fabric-api/fabric-command-api-v2-client/2.2.13+1802ada577/fabric-command-api-v2-client-2.2.13+1802ada577.jar:/home/daunita/Desktop/cui/1.20.1/.gradle/loom-cache/remapped_mods/net_fabricmc_yarn_1_20_1_1_20_1_build_10_v2/net/fabricmc/fabric-api/fabric-data-attachment-api-v1-client/1.0.0+de0fd6d177/fabric-data-attachment-api-v1-client-1.0.0+de0fd6d177.jar:/home/daunita/Desktop/cui/1.20.1/.gradle/loom-cache/remapped_mods/net_fabricmc_yarn_1_20_1_1_20_1_build_10_v2/net/fabricmc/fabric-api/fabric-data-generation-api-v1-client/12.3.4+1802ada577/fabric-data-generation-api-v1-client-12.3.4+1802ada577.jar:/home/daunita/Desktop/cui/1.20.1/.gradle/loom-cache/remapped_mods/net_fabricmc_yarn_1_20_1_1_20_1_build_10_v2/net/fabricmc/fabric-api/fabric-entity-events-v1-client/1.6.0+1c78457f77/fabric-entity-events-v1-client-1.6.0+1c78457f77.jar:/home/daunita/Desktop/cui/1.20.1/.gradle/loom-cache/remapped_mods/net_fabricmc_yarn_1_20_1_1_20_1_build_10_v2/net/fabricmc/fabric-api/fabric-events-interaction-v0-client/0.6.2+1802ada577/fabric-events-interaction-v0-client-0.6.2+1802ada577.jar:/home/daunita/Desktop/cui/1.20.1/.gradle/loom-cache/remapped_mods/net_fabricmc_yarn_1_20_1_1_20_1_build_10_v2/net/fabricmc/fabric-api/fabric-events-lifecycle-v0-client/0.2.63+df3654b377/fabric-events-lifecycle-v0-client-0.2.63+df3654b377.jar:/home/daunita/Desktop/cui/1.20.1/.gradle/loom-cache/remapped_mods/net_fabricmc_yarn_1_20_1_1_20_1_build_10_v2/net/fabricmc/fabric-api/fabric-item-api-v1-client/2.1.28+1802ada577/fabric-item-api-v1-client-2.1.28+1802ada577.jar:/home/daunita/Desktop/cui/1.20.1/.gradle/loom-cache/remapped_mods/net_fabricmc_yarn_1_20_1_1_20_1_build_10_v2/net/fabricmc/fabric-api/fabric-item-group-api-v1-client/4.0.12+1802ada577/fabric-item-group-api-v1-client-4.0.12+1802ada577.jar:/home/daunita/Desktop/cui/1.20.1/.gradle/loom-cache/remapped_mods/net_fabricmc_yarn_1_20_1_1_20_1_build_10_v2/net/fabricmc/fabric-api/fabric-lifecycle-events-v1-client/2.2.22+1802ada577/fabric-lifecycle-events-v1-client-2.2.22+1802ada577.jar:/home/daunita/Desktop/cui/1.20.1/.gradle/loom-cache/remapped_mods/net_fabricmc_yarn_1_20_1_1_20_1_build_10_v2/net/fabricmc/fabric-api/fabric-message-api-v1-client/5.1.9+1802ada577/fabric-message-api-v1-client-5.1.9+1802ada577.jar:/home/daunita/Desktop/cui/1.20.1/.gradle/loom-cache/remapped_mods/net_fabricmc_yarn_1_20_1_1_20_1_build_10_v2/net/fabricmc/fabric-api/fabric-models-v0-client/0.4.2+9386d8a777/fabric-models-v0-client-0.4.2+9386d8a777.jar:/home/daunita/Desktop/cui/1.20.1/.gradle/loom-cache/remapped_mods/net_fabricmc_yarn_1_20_1_1_20_1_build_10_v2/net/fabricmc/fabric-api/fabric-model-loading-api-v1-client/1.0.3+1802ada577/fabric-model-loading-api-v1-client-1.0.3+1802ada577.jar:/home/daunita/Desktop/cui/1.20.1/.gradle/loom-cache/remapped_mods/net_fabricmc_yarn_1_20_1_1_20_1_build_10_v2/net/fabricmc/fabric-api/fabric-recipe-api-v1-client/1.0.21+1802ada577/fabric-recipe-api-v1-client-1.0.21+1802ada577.jar:/home/daunita/Desktop/cui/1.20.1/.gradle/loom-cache/remapped_mods/net_fabricmc_yarn_1_20_1_1_20_1_build_10_v2/net/fabricmc/fabric-api/fabric-registry-sync-v0-client/2.3.3+1802ada577/fabric-registry-sync-v0-client-2.3.3+1802ada577.jar:/home/daunita/Desktop/cui/1.20.1/.gradle/loom-cache/remapped_mods/net_fabricmc_yarn_1_20_1_1_20_1_build_10_v2/net/fabricmc/fabric-api/fabric-screen-handler-api-v1-client/1.3.30+1802ada577/fabric-screen-handler-api-v1-client-1.3.30+1802ada577.jar:/home/daunita/Desktop/cui/1.20.1/.gradle/loom-cache/remapped_mods/net_fabricmc_yarn_1_20_1_1_20_1_build_10_v2/net/fabricmc/fabric-api/fabric-containers-v0-client/0.1.64+df3654b377/fabric-containers-v0-client-0.1.64+df3654b377.jar:/home/daunita/Desktop/cui/1.20.1/.gradle/loom-cache/remapped_mods/net_fabricmc_yarn_1_20_1_1_20_1_build_10_v2/net/fabricmc/fabric-api/fabric-networking-v0-client/0.3.51+df3654b377/fabric-networking-v0-client-0.3.51+df3654b377.jar:/home/daunita/Desktop/cui/1.20.1/.gradle/loom-cache/remapped_mods/net_fabricmc_yarn_1_20_1_1_20_1_build_10_v2/net/fabricmc/fabric-api/fabric-networking-api-v1-client/1.3.11+1802ada577/fabric-networking-api-v1-client-1.3.11+1802ada577.jar:/home/daunita/Desktop/cui/1.20.1/.gradle/loom-cache/remapped_mods/net_fabricmc_yarn_1_20_1_1_20_1_build_10_v2/net/fabricmc/fabric-api/fabric-object-builder-api-v1-client/11.1.3+1802ada577/fabric-object-builder-api-v1-client-11.1.3+1802ada577.jar:/home/daunita/Desktop/cui/1.20.1/.gradle/loom-cache/remapped_mods/net_fabricmc_yarn_1_20_1_1_20_1_build_10_v2/net/fabricmc/fabric-api/fabric-particles-v1-client/1.1.2+1802ada577/fabric-particles-v1-client-1.1.2+1802ada577.jar:/home/daunita/Desktop/cui/1.20.1/.gradle/loom-cache/remapped_mods/net_fabricmc_yarn_1_20_1_1_20_1_build_10_v2/net/fabricmc/fabric-api/fabric-renderer-indigo-client/1.5.2+85287f9f77/fabric-renderer-indigo-client-1.5.2+85287f9f77.jar:/home/daunita/Desktop/cui/1.20.1/.gradle/loom-cache/remapped_mods/net_fabricmc_yarn_1_20_1_1_20_1_build_10_v2/net/fabricmc/fabric-api/fabric-renderer-api-v1-client/3.2.1+1802ada577/fabric-renderer-api-v1-client-3.2.1+1802ada577.jar:/home/daunita/Desktop/cui/1.20.1/.gradle/loom-cache/remapped_mods/net_fabricmc_yarn_1_20_1_1_20_1_build_10_v2/net/fabricmc/fabric-api/fabric-rendering-fluids-v1-client/3.0.28+1802ada577/fabric-rendering-fluids-v1-client-3.0.28+1802ada577.jar:/home/daunita/Desktop/cui/1.20.1/.gradle/loom-cache/remapped_mods/net_fabricmc_yarn_1_20_1_1_20_1_build_10_v2/net/fabricmc/fabric-api/fabric-renderer-registries-v1-client/3.2.46+df3654b377/fabric-renderer-registries-v1-client-3.2.46+df3654b377.jar:/home/daunita/Desktop/cui/1.20.1/.gradle/loom-cache/remapped_mods/net_fabricmc_yarn_1_20_1_1_20_1_build_10_v2/net/fabricmc/fabric-api/fabric-rendering-v0-client/1.1.49+df3654b377/fabric-rendering-v0-client-1.1.49+df3654b377.jar:/home/daunita/Desktop/cui/1.20.1/.gradle/loom-cache/remapped_mods/net_fabricmc_yarn_1_20_1_1_20_1_build_10_v2/net/fabricmc/fabric-api/fabric-rendering-v1-client/3.0.8+1802ada577/fabric-rendering-v1-client-3.0.8+1802ada577.jar:/home/daunita/Desktop/cui/1.20.1/.gradle/loom-cache/remapped_mods/net_fabricmc_yarn_1_20_1_1_20_1_build_10_v2/net/fabricmc/fabric-api/fabric-screen-api-v1-client/2.0.8+1802ada577/fabric-screen-api-v1-client-2.0.8+1802ada577.jar:/home/daunita/Desktop/cui/1.20.1/.gradle/loom-cache/remapped_mods/net_fabricmc_yarn_1_20_1_1_20_1_build_10_v2/net/fabricmc/fabric-api/fabric-rendering-data-attachment-v1-client/0.3.37+92a0d36777/fabric-rendering-data-attachment-v1-client-0.3.37+92a0d36777.jar:/home/daunita/Desktop/cui/1.20.1/.gradle/loom-cache/remapped_mods/net_fabricmc_yarn_1_20_1_1_20_1_build_10_v2/net/fabricmc/fabric-api/fabric-block-view-api-v2-client/1.0.1+1802ada577/fabric-block-view-api-v2-client-1.0.1+1802ada577.jar:/home/daunita/Desktop/cui/1.20.1/.gradle/loom-cache/remapped_mods/net_fabricmc_yarn_1_20_1_1_20_1_build_10_v2/net/fabricmc/fabric-api/fabric-game-rule-api-v1-client/1.0.40+1802ada577/fabric-game-rule-api-v1-client-1.0.40+1802ada577.jar:/home/daunita/Desktop/cui/1.20.1/.gradle/loom-cache/remapped_mods/net_fabricmc_yarn_1_20_1_1_20_1_build_10_v2/net/fabricmc/fabric-api/fabric-keybindings-v0-client/0.2.35+df3654b377/fabric-keybindings-v0-client-0.2.35+df3654b377.jar:/home/daunita/Desktop/cui/1.20.1/.gradle/loom-cache/remapped_mods/net_fabricmc_yarn_1_20_1_1_20_1_build_10_v2/net/fabricmc/fabric-api/fabric-key-binding-api-v1-client/1.0.37+1802ada577/fabric-key-binding-api-v1-client-1.0.37+1802ada577.jar:/home/daunita/Desktop/cui/1.20.1/.gradle/loom-cache/remapped_mods/net_fabricmc_yarn_1_20_1_1_20_1_build_10_v2/net/fabricmc/fabric-api/fabric-resource-loader-v0-client/0.11.10+1802ada577/fabric-resource-loader-v0-client-0.11.10+1802ada577.jar:/home/daunita/Desktop/cui/1.20.1/.gradle/loom-cache/remapped_mods/net_fabricmc_yarn_1_20_1_1_20_1_build_10_v2/net/fabricmc/fabric-api/fabric-sound-api-v1-client/1.0.13+1802ada577/fabric-sound-api-v1-client-1.0.13+1802ada577.jar:/home/daunita/.gradle/caches/modules-2/files-2.1/net.fabricmc/fabric-loader/0.15.11/9c2be53d84ec5c4fb58bb5b8d9c8a629047c9ee9/fabric-loader-0.15.11.jar:/home/daunita/Desktop/cui/1.20.1/.gradle/loom-cache/remapped_mods/net_fabricmc_yarn_1_20_1_1_20_1_build_10_v2/net/fabricmc/fabric-api/fabric-api-common/0.92.2+1.20.1/fabric-api-common-0.92.2+1.20.1.jar:/home/daunita/Desktop/cui/1.20.1/.gradle/loom-cache/remapped_mods/net_fabricmc_yarn_1_20_1_1_20_1_build_10_v2/net/fabricmc/fabric-api/fabric-transfer-api-v1-common/3.3.5+8dd72ea377/fabric-transfer-api-v1-common-3.3.5+8dd72ea377.jar:/home/daunita/Desktop/cui/1.20.1/.gradle/loom-cache/remapped_mods/net_fabricmc_yarn_1_20_1_1_20_1_build_10_v2/net/fabricmc/fabric-api/fabric-api-lookup-api-v1-common/1.6.36+1802ada577/fabric-api-lookup-api-v1-common-1.6.36+1802ada577.jar:/home/daunita/Desktop/cui/1.20.1/.gradle/loom-cache/remapped_mods/net_fabricmc_yarn_1_20_1_1_20_1_build_10_v2/net/fabricmc/fabric-api/fabric-command-api-v1-common/1.2.34+f71b366f77/fabric-command-api-v1-common-1.2.34+f71b366f77.jar:/home/daunita/Desktop/cui/1.20.1/.gradle/loom-cache/remapped_mods/net_fabricmc_yarn_1_20_1_1_20_1_build_10_v2/net/fabricmc/fabric-api/fabric-commands-v0-common/0.2.51+df3654b377/fabric-commands-v0-common-0.2.51+df3654b377.jar:/home/daunita/Desktop/cui/1.20.1/.gradle/loom-cache/remapped_mods/net_fabricmc_yarn_1_20_1_1_20_1_build_10_v2/net/fabricmc/fabric-api/fabric-command-api-v2-common/2.2.13+1802ada577/fabric-command-api-v2-common-2.2.13+1802ada577.jar:/home/daunita/Desktop/cui/1.20.1/.gradle/loom-cache/remapped_mods/net_fabricmc_yarn_1_20_1_1_20_1_build_10_v2/net/fabricmc/fabric-api/fabric-content-registries-v0-common/4.0.11+1802ada577/fabric-content-registries-v0-common-4.0.11+1802ada577.jar:/home/daunita/Desktop/cui/1.20.1/.gradle/loom-cache/remapped_mods/net_fabricmc_yarn_1_20_1_1_20_1_build_10_v2/net/fabricmc/fabric-api/fabric-convention-tags-v1-common/1.5.5+1802ada577/fabric-convention-tags-v1-common-1.5.5+1802ada577.jar:/home/daunita/Desktop/cui/1.20.1/.gradle/loom-cache/remapped_mods/net_fabricmc_yarn_1_20_1_1_20_1_build_10_v2/net/fabricmc/fabric-api/fabric-data-attachment-api-v1-common/1.0.0+de0fd6d177/fabric-data-attachment-api-v1-common-1.0.0+de0fd6d177.jar:/home/daunita/Desktop/cui/1.20.1/.gradle/loom-cache/remapped_mods/net_fabricmc_yarn_1_20_1_1_20_1_build_10_v2/net/fabricmc/fabric-api/fabric-data-generation-api-v1-common/12.3.4+1802ada577/fabric-data-generation-api-v1-common-12.3.4+1802ada577.jar:/home/daunita/Desktop/cui/1.20.1/.gradle/loom-cache/remapped_mods/net_fabricmc_yarn_1_20_1_1_20_1_build_10_v2/net/fabricmc/fabric-api/fabric-dimensions-v1-common/2.1.54+1802ada577/fabric-dimensions-v1-common-2.1.54+1802ada577.jar:/home/daunita/Desktop/cui/1.20.1/.gradle/loom-cache/remapped_mods/net_fabricmc_yarn_1_20_1_1_20_1_build_10_v2/net/fabricmc/fabric-api/fabric-entity-events-v1-common/1.6.0+1c78457f77/fabric-entity-events-v1-common-1.6.0+1c78457f77.jar:/home/daunita/Desktop/cui/1.20.1/.gradle/loom-cache/remapped_mods/net_fabricmc_yarn_1_20_1_1_20_1_build_10_v2/net/fabricmc/fabric-api/fabric-events-interaction-v0-common/0.6.2+1802ada577/fabric-events-interaction-v0-common-0.6.2+1802ada577.jar:/home/daunita/Desktop/cui/1.20.1/.gradle/loom-cache/remapped_mods/net_fabricmc_yarn_1_20_1_1_20_1_build_10_v2/net/fabricmc/fabric-api/fabric-gametest-api-v1-common/1.2.13+1802ada577/fabric-gametest-api-v1-common-1.2.13+1802ada577.jar:/home/daunita/Desktop/cui/1.20.1/.gradle/loom-cache/remapped_mods/net_fabricmc_yarn_1_20_1_1_20_1_build_10_v2/net/fabricmc/fabric-api/fabric-events-lifecycle-v0-common/0.2.63+df3654b377/fabric-events-lifecycle-v0-common-0.2.63+df3654b377.jar:/home/daunita/Desktop/cui/1.20.1/.gradle/loom-cache/remapped_mods/net_fabricmc_yarn_1_20_1_1_20_1_build_10_v2/net/fabricmc/fabric-api/fabric-item-api-v1-common/2.1.28+1802ada577/fabric-item-api-v1-common-2.1.28+1802ada577.jar:/home/daunita/Desktop/cui/1.20.1/.gradle/loom-cache/remapped_mods/net_fabricmc_yarn_1_20_1_1_20_1_build_10_v2/net/fabricmc/fabric-api/fabric-item-group-api-v1-common/4.0.12+1802ada577/fabric-item-group-api-v1-common-4.0.12+1802ada577.jar:/home/daunita/Desktop/cui/1.20.1/.gradle/loom-cache/remapped_mods/net_fabricmc_yarn_1_20_1_1_20_1_build_10_v2/net/fabricmc/fabric-api/fabric-mining-level-api-v1-common/2.1.50+1802ada577/fabric-mining-level-api-v1-common-2.1.50+1802ada577.jar:/home/daunita/Desktop/cui/1.20.1/.gradle/loom-cache/remapped_mods/net_fabricmc_yarn_1_20_1_1_20_1_build_10_v2/net/fabricmc/fabric-api/fabric-lifecycle-events-v1-common/2.2.22+1802ada577/fabric-lifecycle-events-v1-common-2.2.22+1802ada577.jar:/home/daunita/Desktop/cui/1.20.1/.gradle/loom-cache/remapped_mods/net_fabricmc_yarn_1_20_1_1_20_1_build_10_v2/net/fabricmc/fabric-api/fabric-loot-tables-v1-common/1.1.45+9e7660c677/fabric-loot-tables-v1-common-1.1.45+9e7660c677.jar:/home/daunita/Desktop/cui/1.20.1/.gradle/loom-cache/remapped_mods/net_fabricmc_yarn_1_20_1_1_20_1_build_10_v2/net/fabricmc/fabric-api/fabric-loot-api-v2-common/1.2.1+1802ada577/fabric-loot-api-v2-common-1.2.1+1802ada577.jar:/home/daunita/Desktop/cui/1.20.1/.gradle/loom-cache/remapped_mods/net_fabricmc_yarn_1_20_1_1_20_1_build_10_v2/net/fabricmc/fabric-api/fabric-message-api-v1-common/5.1.9+1802ada577/fabric-message-api-v1-common-5.1.9+1802ada577.jar:/home/daunita/Desktop/cui/1.20.1/.gradle/loom-cache/remapped_mods/net_fabricmc_yarn_1_20_1_1_20_1_build_10_v2/net/fabricmc/fabric-api/fabric-recipe-api-v1-common/1.0.21+1802ada577/fabric-recipe-api-v1-common-1.0.21+1802ada577.jar:/home/daunita/Desktop/cui/1.20.1/.gradle/loom-cache/remapped_mods/net_fabricmc_yarn_1_20_1_1_20_1_build_10_v2/net/fabricmc/fabric-api/fabric-registry-sync-v0-common/2.3.3+1802ada577/fabric-registry-sync-v0-common-2.3.3+1802ada577.jar:/home/daunita/Desktop/cui/1.20.1/.gradle/loom-cache/remapped_mods/net_fabricmc_yarn_1_20_1_1_20_1_build_10_v2/net/fabricmc/fabric-api/fabric-screen-handler-api-v1-common/1.3.30+1802ada577/fabric-screen-handler-api-v1-common-1.3.30+1802ada577.jar:/home/daunita/Desktop/cui/1.20.1/.gradle/loom-cache/remapped_mods/net_fabricmc_yarn_1_20_1_1_20_1_build_10_v2/net/fabricmc/fabric-api/fabric-containers-v0-common/0.1.64+df3654b377/fabric-containers-v0-common-0.1.64+df3654b377.jar:/home/daunita/Desktop/cui/1.20.1/.gradle/loom-cache/remapped_mods/net_fabricmc_yarn_1_20_1_1_20_1_build_10_v2/net/fabricmc/fabric-api/fabric-networking-v0-common/0.3.51+df3654b377/fabric-networking-v0-common-0.3.51+df3654b377.jar:/home/daunita/Desktop/cui/1.20.1/.gradle/loom-cache/remapped_mods/net_fabricmc_yarn_1_20_1_1_20_1_build_10_v2/net/fabricmc/fabric-api/fabric-networking-api-v1-common/1.3.11+1802ada577/fabric-networking-api-v1-common-1.3.11+1802ada577.jar:/home/daunita/Desktop/cui/1.20.1/.gradle/loom-cache/remapped_mods/net_fabricmc_yarn_1_20_1_1_20_1_build_10_v2/net/fabricmc/fabric-api/fabric-object-builder-api-v1-common/11.1.3+1802ada577/fabric-object-builder-api-v1-common-11.1.3+1802ada577.jar:/home/daunita/Desktop/cui/1.20.1/.gradle/loom-cache/remapped_mods/net_fabricmc_yarn_1_20_1_1_20_1_build_10_v2/net/fabricmc/fabric-api/fabric-particles-v1-common/1.1.2+1802ada577/fabric-particles-v1-common-1.1.2+1802ada577.jar:/home/daunita/Desktop/cui/1.20.1/.gradle/loom-cache/remapped_mods/net_fabricmc_yarn_1_20_1_1_20_1_build_10_v2/net/fabricmc/fabric-api/fabric-rendering-fluids-v1-common/3.0.28+1802ada577/fabric-rendering-fluids-v1-common-3.0.28+1802ada577.jar:/home/daunita/Desktop/cui/1.20.1/.gradle/loom-cache/remapped_mods/net_fabricmc_yarn_1_20_1_1_20_1_build_10_v2/net/fabricmc/fabric-api/fabric-api-base-common/0.4.31+1802ada577/fabric-api-base-common-0.4.31+1802ada577.jar:/home/daunita/Desktop/cui/1.20.1/.gradle/loom-cache/remapped_mods/net_fabricmc_yarn_1_20_1_1_20_1_build_10_v2/net/fabricmc/fabric-api/fabric-biome-api-v1-common/13.0.13+1802ada577/fabric-biome-api-v1-common-13.0.13+1802ada577.jar:/home/daunita/Desktop/cui/1.20.1/.gradle/loom-cache/remapped_mods/net_fabricmc_yarn_1_20_1_1_20_1_build_10_v2/net/fabricmc/fabric-api/fabric-block-api-v1-common/1.0.11+1802ada577/fabric-block-api-v1-common-1.0.11+1802ada577.jar:/home/daunita/Desktop/cui/1.20.1/.gradle/loom-cache/remapped_mods/net_fabricmc_yarn_1_20_1_1_20_1_build_10_v2/net/fabricmc/fabric-api/fabric-rendering-data-attachment-v1-common/0.3.37+92a0d36777/fabric-rendering-data-attachment-v1-common-0.3.37+92a0d36777.jar:/home/daunita/Desktop/cui/1.20.1/.gradle/loom-cache/remapped_mods/net_fabricmc_yarn_1_20_1_1_20_1_build_10_v2/net/fabricmc/fabric-api/fabric-block-view-api-v2-common/1.0.1+1802ada577/fabric-block-view-api-v2-common-1.0.1+1802ada577.jar:/home/daunita/Desktop/cui/1.20.1/.gradle/loom-cache/remapped_mods/net_fabricmc_yarn_1_20_1_1_20_1_build_10_v2/net/fabricmc/fabric-api/fabric-crash-report-info-v1-common/0.2.19+1802ada577/fabric-crash-report-info-v1-common-0.2.19+1802ada577.jar:/home/daunita/Desktop/cui/1.20.1/.gradle/loom-cache/remapped_mods/net_fabricmc_yarn_1_20_1_1_20_1_build_10_v2/net/fabricmc/fabric-api/fabric-game-rule-api-v1-common/1.0.40+1802ada577/fabric-game-rule-api-v1-common-1.0.40+1802ada577.jar:/home/daunita/Desktop/cui/1.20.1/.gradle/loom-cache/remapped_mods/net_fabricmc_yarn_1_20_1_1_20_1_build_10_v2/net/fabricmc/fabric-api/fabric-resource-conditions-api-v1-common/2.3.8+1802ada577/fabric-resource-conditions-api-v1-common-2.3.8+1802ada577.jar:/home/daunita/Desktop/cui/1.20.1/.gradle/loom-cache/remapped_mods/net_fabricmc_yarn_1_20_1_1_20_1_build_10_v2/net/fabricmc/fabric-api/fabric-resource-loader-v0-common/0.11.10+1802ada577/fabric-resource-loader-v0-common-0.11.10+1802ada577.jar:/home/daunita/Desktop/cui/1.20.1/.gradle/loom-cache/remapped_mods/net_fabricmc_yarn_1_20_1_1_20_1_build_10_v2/net/fabricmc/fabric-api/fabric-transitive-access-wideners-v1-common/4.3.1+1802ada577/fabric-transitive-access-wideners-v1-common-4.3.1+1802ada577.jar:/home/daunita/.gradle/caches/modules-2/files-2.1/org.jline/jline-reader/3.20.0/8f15415b022a25b473e8e16c28ae913186ffb9c4/jline-reader-3.20.0.jar:/home/daunita/.gradle/caches/modules-2/files-2.1/org.jline/jline-terminal/3.20.0/d0ddcc708ddf527a3454c941b7b9225cc83a15ff/jline-terminal-3.20.0.jar:/home/daunita/Desktop/cui/1.20.1/build/classes/java/main:/home/daunita/Desktop/cui/1.20.1/build/resources/main)
	at com.sun.jna.NativeLibrary.loadLibrary(NativeLibrary.java:307) ~[jna-5.12.1.jar:5.12.1 (b0)]
	at com.sun.jna.NativeLibrary.getInstance(NativeLibrary.java:467) ~[jna-5.12.1.jar:5.12.1 (b0)]
	at com.sun.jna.NativeLibrary.getInstance(NativeLibrary.java:409) ~[jna-5.12.1.jar:5.12.1 (b0)]
	at com.mojang.text2speech.NarratorLinux$FliteLibrary.loadNative(NarratorLinux.java:67) ~[text2speech-1.17.9.jar:?]
	... 9 more
	Suppressed: java.lang.UnsatisfiedLinkError: libflite.so: cannot open shared object file: No such file or directory
		at com.sun.jna.Native.open(Native Method) ~[jna-5.12.1.jar:5.12.1 (b0)]
		at com.sun.jna.NativeLibrary.loadLibrary(NativeLibrary.java:197) ~[jna-5.12.1.jar:5.12.1 (b0)]
		at com.sun.jna.NativeLibrary.getInstance(NativeLibrary.java:467) ~[jna-5.12.1.jar:5.12.1 (b0)]
		at com.sun.jna.NativeLibrary.getInstance(NativeLibrary.java:409) ~[jna-5.12.1.jar:5.12.1 (b0)]
		at com.mojang.text2speech.NarratorLinux$FliteLibrary.loadNative(NarratorLinux.java:67) ~[text2speech-1.17.9.jar:?]
		at com.mojang.text2speech.NarratorLinux.<init>(NarratorLinux.java:18) ~[text2speech-1.17.9.jar:?]
		at com.mojang.text2speech.Narrator.getNarrator(Narrator.java:41) ~[text2speech-1.17.9.jar:?]
		at net.minecraft.client.util.NarratorManager.<init>(NarratorManager.java:31) ~[minecraft-clientOnly-7787b014d4-1.20.1-net.fabricmc.yarn.1_20_1.1.20.1+build.10-v2.jar:?]
		at net.minecraft.client.MinecraftClient.<init>(MinecraftClient.java:650) ~[minecraft-clientOnly-7787b014d4-1.20.1-net.fabricmc.yarn.1_20_1.1.20.1+build.10-v2.jar:?]
		at net.minecraft.client.main.Main.main(Main.java:188) ~[minecraft-clientOnly-7787b014d4-1.20.1-net.fabricmc.yarn.1_20_1.1.20.1+build.10-v2.jar:?]
		at net.fabricmc.loader.impl.game.minecraft.MinecraftGameProvider.launch(MinecraftGameProvider.java:470) ~[fabric-loader-0.15.11.jar:?]
		at net.fabricmc.loader.impl.launch.knot.Knot.launch(Knot.java:74) ~[fabric-loader-0.15.11.jar:?]
		at net.fabricmc.loader.impl.launch.knot.KnotClient.main(KnotClient.java:23) ~[fabric-loader-0.15.11.jar:?]
		at net.fabricmc.devlaunchinjector.Main.main(Main.java:86) ~[dev-launch-injector-0.2.1+build.8.jar:?]
	Suppressed: java.lang.UnsatisfiedLinkError: libflite.so: cannot open shared object file: No such file or directory
		at com.sun.jna.Native.open(Native Method) ~[jna-5.12.1.jar:5.12.1 (b0)]
		at com.sun.jna.NativeLibrary.loadLibrary(NativeLibrary.java:210) ~[jna-5.12.1.jar:5.12.1 (b0)]
		at com.sun.jna.NativeLibrary.getInstance(NativeLibrary.java:467) ~[jna-5.12.1.jar:5.12.1 (b0)]
		at com.sun.jna.NativeLibrary.getInstance(NativeLibrary.java:409) ~[jna-5.12.1.jar:5.12.1 (b0)]
		at com.mojang.text2speech.NarratorLinux$FliteLibrary.loadNative(NarratorLinux.java:67) ~[text2speech-1.17.9.jar:?]
		at com.mojang.text2speech.NarratorLinux.<init>(NarratorLinux.java:18) ~[text2speech-1.17.9.jar:?]
		at com.mojang.text2speech.Narrator.getNarrator(Narrator.java:41) ~[text2speech-1.17.9.jar:?]
		at net.minecraft.client.util.NarratorManager.<init>(NarratorManager.java:31) ~[minecraft-clientOnly-7787b014d4-1.20.1-net.fabricmc.yarn.1_20_1.1.20.1+build.10-v2.jar:?]
		at net.minecraft.client.MinecraftClient.<init>(MinecraftClient.java:650) ~[minecraft-clientOnly-7787b014d4-1.20.1-net.fabricmc.yarn.1_20_1.1.20.1+build.10-v2.jar:?]
		at net.minecraft.client.main.Main.main(Main.java:188) ~[minecraft-clientOnly-7787b014d4-1.20.1-net.fabricmc.yarn.1_20_1.1.20.1+build.10-v2.jar:?]
		at net.fabricmc.loader.impl.game.minecraft.MinecraftGameProvider.launch(MinecraftGameProvider.java:470) ~[fabric-loader-0.15.11.jar:?]
		at net.fabricmc.loader.impl.launch.knot.Knot.launch(Knot.java:74) ~[fabric-loader-0.15.11.jar:?]
		at net.fabricmc.loader.impl.launch.knot.KnotClient.main(KnotClient.java:23) ~[fabric-loader-0.15.11.jar:?]
		at net.fabricmc.devlaunchinjector.Main.main(Main.java:86) ~[dev-launch-injector-0.2.1+build.8.jar:?]
	Suppressed: java.io.IOException: Native library (linux-x86-64/libflite.so) not found in resource path (/home/daunita/Desktop/cui/1.20.1/build/classes/java/client:/home/daunita/Desktop/cui/1.20.1/build/resources/client:/home/daunita/.gradle/caches/fabric-loom/1.20.1/net.fabricmc.yarn.1_20_1.1.20.1+build.10-v2/mappings.jar:/home/daunita/.gradle/caches/modules-2/files-2.1/org.ow2.asm/asm/9.6/aa205cf0a06dbd8e04ece91c0b37c3f5d567546a/asm-9.6.jar:/home/daunita/.gradle/caches/modules-2/files-2.1/org.ow2.asm/asm-analysis/9.6/9ce6c7b174bd997fc2552dff47964546bd7a5ec3/asm-analysis-9.6.jar:/home/daunita/.gradle/caches/modules-2/files-2.1/org.ow2.asm/asm-commons/9.6/f1a9e5508eff490744144565c47326c8648be309/asm-commons-9.6.jar:/home/daunita/.gradle/caches/modules-2/files-2.1/org.ow2.asm/asm-tree/9.6/c0cdda9d211e965d2a4448aa3fd86110f2f8c2de/asm-tree-9.6.jar:/home/daunita/.gradle/caches/modules-2/files-2.1/org.ow2.asm/asm-util/9.6/f77caf84eb93786a749b2baa40865b9613e3eaee/asm-util-9.6.jar:/home/daunita/.gradle/caches/modules-2/files-2.1/net.fabricmc/sponge-mixin/0.13.3+mixin.0.8.5/9527e6b0d2449408958fd1302594dc65ec5ade9c/sponge-mixin-0.13.3+mixin.0.8.5.jar:/home/daunita/.gradle/caches/modules-2/files-2.1/io.github.llamalad7/mixinextras-fabric/0.3.5/3b577be20ea942610b3045e4f0cd909fa415a9d3/mixinextras-fabric-0.3.5.jar:/home/daunita/.gradle/caches/modules-2/files-2.1/net.fabricmc/dev-launch-injector/0.2.1+build.8/da8bef7e6e2f952da707f282bdb46882a0fce5e3/dev-launch-injector-0.2.1+build.8.jar:/home/daunita/.gradle/caches/modules-2/files-2.1/net.minecrell/terminalconsoleappender/1.3.0/b562e9bb61235c9520e26282cdee71f8f802d1fc/terminalconsoleappender-1.3.0.jar:/home/daunita/.gradle/caches/modules-2/files-2.1/com.github.oshi/oshi-core/6.2.2/54f5efc19bca95d709d9a37d19ffcbba3d21c1a6/oshi-core-6.2.2.jar:/home/daunita/.gradle/caches/modules-2/files-2.1/com.google.code.gson/gson/2.10/dd9b193aef96e973d5a11ab13cd17430c2e4306b/gson-2.10.jar:/home/daunita/.gradle/caches/modules-2/files-2.1/com.google.guava/failureaccess/1.0.1/1dcf1de382a0bf95a3d8b0849546c88bac1292c9/failureaccess-1.0.1.jar:/home/daunita/.gradle/caches/modules-2/files-2.1/com.google.guava/guava/31.1-jre/60458f877d055d0c9114d9e1a2efb737b4bc282c/guava-31.1-jre.jar:/home/daunita/.gradle/caches/modules-2/files-2.1/com.ibm.icu/icu4j/71.1/9e7d3304c23f9ba5cb71915f7cce23231a57a445/icu4j-71.1.jar:/home/daunita/.gradle/caches/modules-2/files-2.1/com.mojang/authlib/4.0.43/2ff9d747a77570a07a60d32ac77eb6162ad2a2d9/authlib-4.0.43.jar:/home/daunita/.gradle/caches/modules-2/files-2.1/com.mojang/blocklist/1.0.10/5c685c5ffa94c4cd39496c7184c1d122e515ecef/blocklist-1.0.10.jar:/home/daunita/.gradle/caches/modules-2/files-2.1/com.mojang/brigadier/1.1.8/5244ce82c3337bba4a196a3ce858bfaecc74404a/brigadier-1.1.8.jar:/home/daunita/.gradle/caches/modules-2/files-2.1/com.mojang/datafixerupper/6.0.8/3ba4a30557a9b057760af4011f909ba619fc5125/datafixerupper-6.0.8.jar:/home/daunita/.gradle/caches/modules-2/files-2.1/com.mojang/logging/1.1.1/832b8e6674a9b325a5175a3a6267dfaf34c85139/logging-1.1.1.jar:/home/daunita/.gradle/caches/modules-2/files-2.1/com.mojang/patchy/2.2.10/da05971b07cbb379d002cf7eaec6a2048211fefc/patchy-2.2.10.jar:/home/daunita/.gradle/caches/modules-2/files-2.1/com.mojang/text2speech/1.17.9/3cad216e3a7f0c19b4b394388bc9ffc446f13b14/text2speech-1.17.9.jar:/home/daunita/.gradle/caches/modules-2/files-2.1/commons-codec/commons-codec/1.15/49d94806b6e3dc933dacbd8acb0fdbab8ebd1e5d/commons-codec-1.15.jar:/home/daunita/.gradle/caches/modules-2/files-2.1/commons-io/commons-io/2.11.0/a2503f302b11ebde7ebc3df41daebe0e4eea3689/commons-io-2.11.0.jar:/home/daunita/.gradle/caches/modules-2/files-2.1/commons-logging/commons-logging/1.2/4bfc12adfe4842bf07b657f0369c4cb522955686/commons-logging-1.2.jar:/home/daunita/.gradle/caches/modules-2/files-2.1/io.netty/netty-buffer/4.1.82.Final/a544270cf1ae8b8077082f5036436a9a9971ea71/netty-buffer-4.1.82.Final.jar:/home/daunita/.gradle/caches/modules-2/files-2.1/io.netty/netty-codec/4.1.82.Final/b77200379acb345a9ffdece1c605e591ac3e4e0a/netty-codec-4.1.82.Final.jar:/home/daunita/.gradle/caches/modules-2/files-2.1/io.netty/netty-common/4.1.82.Final/22d148e85c3f5ebdacc0ce1f5aabb1d420f73f3/netty-common-4.1.82.Final.jar:/home/daunita/.gradle/caches/modules-2/files-2.1/io.netty/netty-handler/4.1.82.Final/644041d1fa96a5d3130a29e8978630d716d76e38/netty-handler-4.1.82.Final.jar:/home/daunita/.gradle/caches/modules-2/files-2.1/io.netty/netty-resolver/4.1.82.Final/38f665ae8dcd29032eea31245ba7806bed2e0fa8/netty-resolver-4.1.82.Final.jar:/home/daunita/.gradle/caches/modules-2/files-2.1/io.netty/netty-transport-classes-epoll/4.1.82.Final/e7c7dd18deac93105797f30057c912651ea76521/netty-transport-classes-epoll-4.1.82.Final.jar:/home/daunita/.gradle/caches/modules-2/files-2.1/io.netty/netty-transport-native-epoll/4.1.82.Final/476409d6255001ca53a55f65b01c13822f8dc93a/netty-transport-native-epoll-4.1.82.Final-linux-aarch_64.jar:/home/daunita/.gradle/caches/modules-2/files-2.1/io.netty/netty-transport-native-epoll/4.1.82.Final/c7350a71920f3ae9142945e25fed4846cce53374/netty-transport-native-epoll-4.1.82.Final-linux-x86_64.jar:/home/daunita/.gradle/caches/modules-2/files-2.1/io.netty/netty-transport-native-unix-common/4.1.82.Final/3e895b35ca1b8a0eca56cacff4c2dde5d2c6abce/netty-transport-native-unix-common-4.1.82.Final.jar:/home/daunita/.gradle/caches/modules-2/files-2.1/io.netty/netty-transport/4.1.82.Final/e431a218d91acb6476ccad5f5aafde50aa3945ca/netty-transport-4.1.82.Final.jar:/home/daunita/.gradle/caches/modules-2/files-2.1/it.unimi.dsi/fastutil/8.5.9/bb7ea75ecdb216654237830b3a96d87ad91f8cc5/fastutil-8.5.9.jar:/home/daunita/.gradle/caches/modules-2/files-2.1/net.java.dev.jna/jna-platform/5.12.1/97406a297c852f4a41e688a176ec675f72e8329/jna-platform-5.12.1.jar:/home/daunita/.gradle/caches/modules-2/files-2.1/net.java.dev.jna/jna/5.12.1/b1e93a735caea94f503e95e6fe79bf9cdc1e985d/jna-5.12.1.jar:/home/daunita/.gradle/caches/modules-2/files-2.1/net.sf.jopt-simple/jopt-simple/5.0.4/4fdac2fbe92dfad86aa6e9301736f6b4342a3f5c/jopt-simple-5.0.4.jar:/home/daunita/.gradle/caches/modules-2/files-2.1/org.apache.commons/commons-compress/1.21/4ec95b60d4e86b5c95a0e919cb172a0af98011ef/commons-compress-1.21.jar:/home/daunita/.gradle/caches/modules-2/files-2.1/org.apache.commons/commons-lang3/3.12.0/c6842c86792ff03b9f1d1fe2aab8dc23aa6c6f0e/commons-lang3-3.12.0.jar:/home/daunita/.gradle/caches/modules-2/files-2.1/org.apache.httpcomponents/httpclient/4.5.13/e5f6cae5ca7ecaac1ec2827a9e2d65ae2869cada/httpclient-4.5.13.jar:/home/daunita/.gradle/caches/modules-2/files-2.1/org.apache.httpcomponents/httpcore/4.4.15/7f2e0c573eaa7a74bac2e89b359e1f73d92a0a1d/httpcore-4.4.15.jar:/home/daunita/.gradle/caches/modules-2/files-2.1/org.apache.logging.log4j/log4j-core/2.19.0/3b6eeb4de4c49c0fe38a4ee27188ff5fee44d0bb/log4j-core-2.19.0.jar:/home/daunita/.gradle/caches/modules-2/files-2.1/org.apache.logging.log4j/log4j-api/2.19.0/ea1b37f38c327596b216542bc636cfdc0b8036fa/log4j-api-2.19.0.jar:/home/daunita/.gradle/caches/modules-2/files-2.1/org.apache.logging.log4j/log4j-slf4j2-impl/2.19.0/5c04bfdd63ce9dceb2e284b81e96b6a70010ee10/log4j-slf4j2-impl-2.19.0.jar:/home/daunita/.gradle/caches/modules-2/files-2.1/org.joml/joml/1.10.5/22566d58af70ad3d72308bab63b8339906deb649/joml-1.10.5.jar:/home/daunita/.gradle/caches/modules-2/files-2.1/org.lwjgl/lwjgl-glfw/3.3.2/757920418805fb90bfebb3d46b1d9e7669fca2eb/lwjgl-glfw-3.3.2.jar:/home/daunita/.gradle/caches/modules-2/files-2.1/org.lwjgl/lwjgl-glfw/3.3.2/766bb0e8e829598b1c8052fd8173c62af741c52/lwjgl-glfw-3.3.2-natives-linux.jar:/home/daunita/.gradle/caches/modules-2/files-2.1/org.lwjgl/lwjgl-jemalloc/3.3.2/877e17e39ebcd58a9c956dc3b5b777813de0873a/lwjgl-jemalloc-3.3.2.jar:/home/daunita/.gradle/caches/modules-2/files-2.1/org.lwjgl/lwjgl-jemalloc/3.3.2/2bc33176cdfabf34a63df154b80914e8f433316b/lwjgl-jemalloc-3.3.2-natives-linux.jar:/home/daunita/.gradle/caches/modules-2/files-2.1/org.lwjgl/lwjgl-openal/3.3.2/ae5357ed6d934546d3533993ea84c0cfb75eed95/lwjgl-openal-3.3.2.jar:/home/daunita/.gradle/caches/modules-2/files-2.1/org.lwjgl/lwjgl-openal/3.3.2/650981780b8bbfb3ce43657b22ec8e77bfb1f37a/lwjgl-openal-3.3.2-natives-linux.jar:/home/daunita/.gradle/caches/modules-2/files-2.1/org.lwjgl/lwjgl-opengl/3.3.2/ee8e95be0b438602038bc1f02dc5e3d011b1b216/lwjgl-opengl-3.3.2.jar:/home/daunita/.gradle/caches/modules-2/files-2.1/org.lwjgl/lwjgl-opengl/3.3.2/b8368430ef0d91a5acbc6fbfa47b20c3ec083aec/lwjgl-opengl-3.3.2-natives-linux.jar:/home/daunita/.gradle/caches/modules-2/files-2.1/org.lwjgl/lwjgl-stb/3.3.2/a2550795014d622b686e9caac50b14baa87d2c70/lwjgl-stb-3.3.2.jar:/home/daunita/.gradle/caches/modules-2/files-2.1/org.lwjgl/lwjgl-stb/3.3.2/5c987f43b342d722b54970159040af76f1c87403/lwjgl-stb-3.3.2-natives-linux.jar:/home/daunita/.gradle/caches/modules-2/files-2.1/org.lwjgl/lwjgl-tinyfd/3.3.2/9f65c248dd77934105274fcf8351abb75b34327c/lwjgl-tinyfd-3.3.2.jar:/home/daunita/.gradle/caches/modules-2/files-2.1/org.lwjgl/lwjgl-tinyfd/3.3.2/5d27fc67172b3fcd8400d61a7cfb75da881f609/lwjgl-tinyfd-3.3.2-natives-linux.jar:/home/daunita/.gradle/caches/modules-2/files-2.1/org.lwjgl/lwjgl/3.3.2/4421d94af68e35dcaa31737a6fc59136a1e61b94/lwjgl-3.3.2.jar:/home/daunita/.gradle/caches/modules-2/files-2.1/org.lwjgl/lwjgl/3.3.2/767684973f259d97e7dc66a125eb153986f177e7/lwjgl-3.3.2-natives-linux.jar:/home/daunita/.gradle/caches/modules-2/files-2.1/org.slf4j/slf4j-api/2.0.1/f48d81adce2abf5ad3cfe463df517952749e03bc/slf4j-api-2.0.1.jar:/home/daunita/Desktop/cui/1.20.1/.gradle/loom-cache/minecraftMaven/net/minecraft/minecraft-clientOnly-7787b014d4/1.20.1-net.fabricmc.yarn.1_20_1.1.20.1+build.10-v2/minecraft-clientOnly-7787b014d4-1.20.1-net.fabricmc.yarn.1_20_1.1.20.1+build.10-v2.jar:/home/daunita/Desktop/cui/1.20.1/.gradle/loom-cache/minecraftMaven/net/minecraft/minecraft-common-7787b014d4/1.20.1-net.fabricmc.yarn.1_20_1.1.20.1+build.10-v2/minecraft-common-7787b014d4-1.20.1-net.fabricmc.yarn.1_20_1.1.20.1+build.10-v2.jar:/home/daunita/Desktop/cui/1.20.1/.gradle/loom-cache/remapped_mods/net_fabricmc_yarn_1_20_1_1_20_1_build_10_v2/net/fabricmc/fabric-api/fabric-transfer-api-v1-client/3.3.5+8dd72ea377/fabric-transfer-api-v1-client-3.3.5+8dd72ea377.jar:/home/daunita/Desktop/cui/1.20.1/.gradle/loom-cache/remapped_mods/net_fabricmc_yarn_1_20_1_1_20_1_build_10_v2/net/fabricmc/fabric-api/fabric-blockrenderlayer-v1-client/1.1.41+1802ada577/fabric-blockrenderlayer-v1-client-1.1.41+1802ada577.jar:/home/daunita/Desktop/cui/1.20.1/.gradle/loom-cache/remapped_mods/net_fabricmc_yarn_1_20_1_1_20_1_build_10_v2/net/fabricmc/fabric-api/fabric-client-tags-api-v1-client/1.1.2+1802ada577/fabric-client-tags-api-v1-client-1.1.2+1802ada577.jar:/home/daunita/Desktop/cui/1.20.1/.gradle/loom-cache/remapped_mods/net_fabricmc_yarn_1_20_1_1_20_1_build_10_v2/net/fabricmc/fabric-api/fabric-command-api-v2-client/2.2.13+1802ada577/fabric-command-api-v2-client-2.2.13+1802ada577.jar:/home/daunita/Desktop/cui/1.20.1/.gradle/loom-cache/remapped_mods/net_fabricmc_yarn_1_20_1_1_20_1_build_10_v2/net/fabricmc/fabric-api/fabric-data-attachment-api-v1-client/1.0.0+de0fd6d177/fabric-data-attachment-api-v1-client-1.0.0+de0fd6d177.jar:/home/daunita/Desktop/cui/1.20.1/.gradle/loom-cache/remapped_mods/net_fabricmc_yarn_1_20_1_1_20_1_build_10_v2/net/fabricmc/fabric-api/fabric-data-generation-api-v1-client/12.3.4+1802ada577/fabric-data-generation-api-v1-client-12.3.4+1802ada577.jar:/home/daunita/Desktop/cui/1.20.1/.gradle/loom-cache/remapped_mods/net_fabricmc_yarn_1_20_1_1_20_1_build_10_v2/net/fabricmc/fabric-api/fabric-entity-events-v1-client/1.6.0+1c78457f77/fabric-entity-events-v1-client-1.6.0+1c78457f77.jar:/home/daunita/Desktop/cui/1.20.1/.gradle/loom-cache/remapped_mods/net_fabricmc_yarn_1_20_1_1_20_1_build_10_v2/net/fabricmc/fabric-api/fabric-events-interaction-v0-client/0.6.2+1802ada577/fabric-events-interaction-v0-client-0.6.2+1802ada577.jar:/home/daunita/Desktop/cui/1.20.1/.gradle/loom-cache/remapped_mods/net_fabricmc_yarn_1_20_1_1_20_1_build_10_v2/net/fabricmc/fabric-api/fabric-events-lifecycle-v0-client/0.2.63+df3654b377/fabric-events-lifecycle-v0-client-0.2.63+df3654b377.jar:/home/daunita/Desktop/cui/1.20.1/.gradle/loom-cache/remapped_mods/net_fabricmc_yarn_1_20_1_1_20_1_build_10_v2/net/fabricmc/fabric-api/fabric-item-api-v1-client/2.1.28+1802ada577/fabric-item-api-v1-client-2.1.28+1802ada577.jar:/home/daunita/Desktop/cui/1.20.1/.gradle/loom-cache/remapped_mods/net_fabricmc_yarn_1_20_1_1_20_1_build_10_v2/net/fabricmc/fabric-api/fabric-item-group-api-v1-client/4.0.12+1802ada577/fabric-item-group-api-v1-client-4.0.12+1802ada577.jar:/home/daunita/Desktop/cui/1.20.1/.gradle/loom-cache/remapped_mods/net_fabricmc_yarn_1_20_1_1_20_1_build_10_v2/net/fabricmc/fabric-api/fabric-lifecycle-events-v1-client/2.2.22+1802ada577/fabric-lifecycle-events-v1-client-2.2.22+1802ada577.jar:/home/daunita/Desktop/cui/1.20.1/.gradle/loom-cache/remapped_mods/net_fabricmc_yarn_1_20_1_1_20_1_build_10_v2/net/fabricmc/fabric-api/fabric-message-api-v1-client/5.1.9+1802ada577/fabric-message-api-v1-client-5.1.9+1802ada577.jar:/home/daunita/Desktop/cui/1.20.1/.gradle/loom-cache/remapped_mods/net_fabricmc_yarn_1_20_1_1_20_1_build_10_v2/net/fabricmc/fabric-api/fabric-models-v0-client/0.4.2+9386d8a777/fabric-models-v0-client-0.4.2+9386d8a777.jar:/home/daunita/Desktop/cui/1.20.1/.gradle/loom-cache/remapped_mods/net_fabricmc_yarn_1_20_1_1_20_1_build_10_v2/net/fabricmc/fabric-api/fabric-model-loading-api-v1-client/1.0.3+1802ada577/fabric-model-loading-api-v1-client-1.0.3+1802ada577.jar:/home/daunita/Desktop/cui/1.20.1/.gradle/loom-cache/remapped_mods/net_fabricmc_yarn_1_20_1_1_20_1_build_10_v2/net/fabricmc/fabric-api/fabric-recipe-api-v1-client/1.0.21+1802ada577/fabric-recipe-api-v1-client-1.0.21+1802ada577.jar:/home/daunita/Desktop/cui/1.20.1/.gradle/loom-cache/remapped_mods/net_fabricmc_yarn_1_20_1_1_20_1_build_10_v2/net/fabricmc/fabric-api/fabric-registry-sync-v0-client/2.3.3+1802ada577/fabric-registry-sync-v0-client-2.3.3+1802ada577.jar:/home/daunita/Desktop/cui/1.20.1/.gradle/loom-cache/remapped_mods/net_fabricmc_yarn_1_20_1_1_20_1_build_10_v2/net/fabricmc/fabric-api/fabric-screen-handler-api-v1-client/1.3.30+1802ada577/fabric-screen-handler-api-v1-client-1.3.30+1802ada577.jar:/home/daunita/Desktop/cui/1.20.1/.gradle/loom-cache/remapped_mods/net_fabricmc_yarn_1_20_1_1_20_1_build_10_v2/net/fabricmc/fabric-api/fabric-containers-v0-client/0.1.64+df3654b377/fabric-containers-v0-client-0.1.64+df3654b377.jar:/home/daunita/Desktop/cui/1.20.1/.gradle/loom-cache/remapped_mods/net_fabricmc_yarn_1_20_1_1_20_1_build_10_v2/net/fabricmc/fabric-api/fabric-networking-v0-client/0.3.51+df3654b377/fabric-networking-v0-client-0.3.51+df3654b377.jar:/home/daunita/Desktop/cui/1.20.1/.gradle/loom-cache/remapped_mods/net_fabricmc_yarn_1_20_1_1_20_1_build_10_v2/net/fabricmc/fabric-api/fabric-networking-api-v1-client/1.3.11+1802ada577/fabric-networking-api-v1-client-1.3.11+1802ada577.jar:/home/daunita/Desktop/cui/1.20.1/.gradle/loom-cache/remapped_mods/net_fabricmc_yarn_1_20_1_1_20_1_build_10_v2/net/fabricmc/fabric-api/fabric-object-builder-api-v1-client/11.1.3+1802ada577/fabric-object-builder-api-v1-client-11.1.3+1802ada577.jar:/home/daunita/Desktop/cui/1.20.1/.gradle/loom-cache/remapped_mods/net_fabricmc_yarn_1_20_1_1_20_1_build_10_v2/net/fabricmc/fabric-api/fabric-particles-v1-client/1.1.2+1802ada577/fabric-particles-v1-client-1.1.2+1802ada577.jar:/home/daunita/Desktop/cui/1.20.1/.gradle/loom-cache/remapped_mods/net_fabricmc_yarn_1_20_1_1_20_1_build_10_v2/net/fabricmc/fabric-api/fabric-renderer-indigo-client/1.5.2+85287f9f77/fabric-renderer-indigo-client-1.5.2+85287f9f77.jar:/home/daunita/Desktop/cui/1.20.1/.gradle/loom-cache/remapped_mods/net_fabricmc_yarn_1_20_1_1_20_1_build_10_v2/net/fabricmc/fabric-api/fabric-renderer-api-v1-client/3.2.1+1802ada577/fabric-renderer-api-v1-client-3.2.1+1802ada577.jar:/home/daunita/Desktop/cui/1.20.1/.gradle/loom-cache/remapped_mods/net_fabricmc_yarn_1_20_1_1_20_1_build_10_v2/net/fabricmc/fabric-api/fabric-rendering-fluids-v1-client/3.0.28+1802ada577/fabric-rendering-fluids-v1-client-3.0.28+1802ada577.jar:/home/daunita/Desktop/cui/1.20.1/.gradle/loom-cache/remapped_mods/net_fabricmc_yarn_1_20_1_1_20_1_build_10_v2/net/fabricmc/fabric-api/fabric-renderer-registries-v1-client/3.2.46+df3654b377/fabric-renderer-registries-v1-client-3.2.46+df3654b377.jar:/home/daunita/Desktop/cui/1.20.1/.gradle/loom-cache/remapped_mods/net_fabricmc_yarn_1_20_1_1_20_1_build_10_v2/net/fabricmc/fabric-api/fabric-rendering-v0-client/1.1.49+df3654b377/fabric-rendering-v0-client-1.1.49+df3654b377.jar:/home/daunita/Desktop/cui/1.20.1/.gradle/loom-cache/remapped_mods/net_fabricmc_yarn_1_20_1_1_20_1_build_10_v2/net/fabricmc/fabric-api/fabric-rendering-v1-client/3.0.8+1802ada577/fabric-rendering-v1-client-3.0.8+1802ada577.jar:/home/daunita/Desktop/cui/1.20.1/.gradle/loom-cache/remapped_mods/net_fabricmc_yarn_1_20_1_1_20_1_build_10_v2/net/fabricmc/fabric-api/fabric-screen-api-v1-client/2.0.8+1802ada577/fabric-screen-api-v1-client-2.0.8+1802ada577.jar:/home/daunita/Desktop/cui/1.20.1/.gradle/loom-cache/remapped_mods/net_fabricmc_yarn_1_20_1_1_20_1_build_10_v2/net/fabricmc/fabric-api/fabric-rendering-data-attachment-v1-client/0.3.37+92a0d36777/fabric-rendering-data-attachment-v1-client-0.3.37+92a0d36777.jar:/home/daunita/Desktop/cui/1.20.1/.gradle/loom-cache/remapped_mods/net_fabricmc_yarn_1_20_1_1_20_1_build_10_v2/net/fabricmc/fabric-api/fabric-block-view-api-v2-client/1.0.1+1802ada577/fabric-block-view-api-v2-client-1.0.1+1802ada577.jar:/home/daunita/Desktop/cui/1.20.1/.gradle/loom-cache/remapped_mods/net_fabricmc_yarn_1_20_1_1_20_1_build_10_v2/net/fabricmc/fabric-api/fabric-game-rule-api-v1-client/1.0.40+1802ada577/fabric-game-rule-api-v1-client-1.0.40+1802ada577.jar:/home/daunita/Desktop/cui/1.20.1/.gradle/loom-cache/remapped_mods/net_fabricmc_yarn_1_20_1_1_20_1_build_10_v2/net/fabricmc/fabric-api/fabric-keybindings-v0-client/0.2.35+df3654b377/fabric-keybindings-v0-client-0.2.35+df3654b377.jar:/home/daunita/Desktop/cui/1.20.1/.gradle/loom-cache/remapped_mods/net_fabricmc_yarn_1_20_1_1_20_1_build_10_v2/net/fabricmc/fabric-api/fabric-key-binding-api-v1-client/1.0.37+1802ada577/fabric-key-binding-api-v1-client-1.0.37+1802ada577.jar:/home/daunita/Desktop/cui/1.20.1/.gradle/loom-cache/remapped_mods/net_fabricmc_yarn_1_20_1_1_20_1_build_10_v2/net/fabricmc/fabric-api/fabric-resource-loader-v0-client/0.11.10+1802ada577/fabric-resource-loader-v0-client-0.11.10+1802ada577.jar:/home/daunita/Desktop/cui/1.20.1/.gradle/loom-cache/remapped_mods/net_fabricmc_yarn_1_20_1_1_20_1_build_10_v2/net/fabricmc/fabric-api/fabric-sound-api-v1-client/1.0.13+1802ada577/fabric-sound-api-v1-client-1.0.13+1802ada577.jar:/home/daunita/.gradle/caches/modules-2/files-2.1/net.fabricmc/fabric-loader/0.15.11/9c2be53d84ec5c4fb58bb5b8d9c8a629047c9ee9/fabric-loader-0.15.11.jar:/home/daunita/Desktop/cui/1.20.1/.gradle/loom-cache/remapped_mods/net_fabricmc_yarn_1_20_1_1_20_1_build_10_v2/net/fabricmc/fabric-api/fabric-api-common/0.92.2+1.20.1/fabric-api-common-0.92.2+1.20.1.jar:/home/daunita/Desktop/cui/1.20.1/.gradle/loom-cache/remapped_mods/net_fabricmc_yarn_1_20_1_1_20_1_build_10_v2/net/fabricmc/fabric-api/fabric-transfer-api-v1-common/3.3.5+8dd72ea377/fabric-transfer-api-v1-common-3.3.5+8dd72ea377.jar:/home/daunita/Desktop/cui/1.20.1/.gradle/loom-cache/remapped_mods/net_fabricmc_yarn_1_20_1_1_20_1_build_10_v2/net/fabricmc/fabric-api/fabric-api-lookup-api-v1-common/1.6.36+1802ada577/fabric-api-lookup-api-v1-common-1.6.36+1802ada577.jar:/home/daunita/Desktop/cui/1.20.1/.gradle/loom-cache/remapped_mods/net_fabricmc_yarn_1_20_1_1_20_1_build_10_v2/net/fabricmc/fabric-api/fabric-command-api-v1-common/1.2.34+f71b366f77/fabric-command-api-v1-common-1.2.34+f71b366f77.jar:/home/daunita/Desktop/cui/1.20.1/.gradle/loom-cache/remapped_mods/net_fabricmc_yarn_1_20_1_1_20_1_build_10_v2/net/fabricmc/fabric-api/fabric-commands-v0-common/0.2.51+df3654b377/fabric-commands-v0-common-0.2.51+df3654b377.jar:/home/daunita/Desktop/cui/1.20.1/.gradle/loom-cache/remapped_mods/net_fabricmc_yarn_1_20_1_1_20_1_build_10_v2/net/fabricmc/fabric-api/fabric-command-api-v2-common/2.2.13+1802ada577/fabric-command-api-v2-common-2.2.13+1802ada577.jar:/home/daunita/Desktop/cui/1.20.1/.gradle/loom-cache/remapped_mods/net_fabricmc_yarn_1_20_1_1_20_1_build_10_v2/net/fabricmc/fabric-api/fabric-content-registries-v0-common/4.0.11+1802ada577/fabric-content-registries-v0-common-4.0.11+1802ada577.jar:/home/daunita/Desktop/cui/1.20.1/.gradle/loom-cache/remapped_mods/net_fabricmc_yarn_1_20_1_1_20_1_build_10_v2/net/fabricmc/fabric-api/fabric-convention-tags-v1-common/1.5.5+1802ada577/fabric-convention-tags-v1-common-1.5.5+1802ada577.jar:/home/daunita/Desktop/cui/1.20.1/.gradle/loom-cache/remapped_mods/net_fabricmc_yarn_1_20_1_1_20_1_build_10_v2/net/fabricmc/fabric-api/fabric-data-attachment-api-v1-common/1.0.0+de0fd6d177/fabric-data-attachment-api-v1-common-1.0.0+de0fd6d177.jar:/home/daunita/Desktop/cui/1.20.1/.gradle/loom-cache/remapped_mods/net_fabricmc_yarn_1_20_1_1_20_1_build_10_v2/net/fabricmc/fabric-api/fabric-data-generation-api-v1-common/12.3.4+1802ada577/fabric-data-generation-api-v1-common-12.3.4+1802ada577.jar:/home/daunita/Desktop/cui/1.20.1/.gradle/loom-cache/remapped_mods/net_fabricmc_yarn_1_20_1_1_20_1_build_10_v2/net/fabricmc/fabric-api/fabric-dimensions-v1-common/2.1.54+1802ada577/fabric-dimensions-v1-common-2.1.54+1802ada577.jar:/home/daunita/Desktop/cui/1.20.1/.gradle/loom-cache/remapped_mods/net_fabricmc_yarn_1_20_1_1_20_1_build_10_v2/net/fabricmc/fabric-api/fabric-entity-events-v1-common/1.6.0+1c78457f77/fabric-entity-events-v1-common-1.6.0+1c78457f77.jar:/home/daunita/Desktop/cui/1.20.1/.gradle/loom-cache/remapped_mods/net_fabricmc_yarn_1_20_1_1_20_1_build_10_v2/net/fabricmc/fabric-api/fabric-events-interaction-v0-common/0.6.2+1802ada577/fabric-events-interaction-v0-common-0.6.2+1802ada577.jar:/home/daunita/Desktop/cui/1.20.1/.gradle/loom-cache/remapped_mods/net_fabricmc_yarn_1_20_1_1_20_1_build_10_v2/net/fabricmc/fabric-api/fabric-gametest-api-v1-common/1.2.13+1802ada577/fabric-gametest-api-v1-common-1.2.13+1802ada577.jar:/home/daunita/Desktop/cui/1.20.1/.gradle/loom-cache/remapped_mods/net_fabricmc_yarn_1_20_1_1_20_1_build_10_v2/net/fabricmc/fabric-api/fabric-events-lifecycle-v0-common/0.2.63+df3654b377/fabric-events-lifecycle-v0-common-0.2.63+df3654b377.jar:/home/daunita/Desktop/cui/1.20.1/.gradle/loom-cache/remapped_mods/net_fabricmc_yarn_1_20_1_1_20_1_build_10_v2/net/fabricmc/fabric-api/fabric-item-api-v1-common/2.1.28+1802ada577/fabric-item-api-v1-common-2.1.28+1802ada577.jar:/home/daunita/Desktop/cui/1.20.1/.gradle/loom-cache/remapped_mods/net_fabricmc_yarn_1_20_1_1_20_1_build_10_v2/net/fabricmc/fabric-api/fabric-item-group-api-v1-common/4.0.12+1802ada577/fabric-item-group-api-v1-common-4.0.12+1802ada577.jar:/home/daunita/Desktop/cui/1.20.1/.gradle/loom-cache/remapped_mods/net_fabricmc_yarn_1_20_1_1_20_1_build_10_v2/net/fabricmc/fabric-api/fabric-mining-level-api-v1-common/2.1.50+1802ada577/fabric-mining-level-api-v1-common-2.1.50+1802ada577.jar:/home/daunita/Desktop/cui/1.20.1/.gradle/loom-cache/remapped_mods/net_fabricmc_yarn_1_20_1_1_20_1_build_10_v2/net/fabricmc/fabric-api/fabric-lifecycle-events-v1-common/2.2.22+1802ada577/fabric-lifecycle-events-v1-common-2.2.22+1802ada577.jar:/home/daunita/Desktop/cui/1.20.1/.gradle/loom-cache/remapped_mods/net_fabricmc_yarn_1_20_1_1_20_1_build_10_v2/net/fabricmc/fabric-api/fabric-loot-tables-v1-common/1.1.45+9e7660c677/fabric-loot-tables-v1-common-1.1.45+9e7660c677.jar:/home/daunita/Desktop/cui/1.20.1/.gradle/loom-cache/remapped_mods/net_fabricmc_yarn_1_20_1_1_20_1_build_10_v2/net/fabricmc/fabric-api/fabric-loot-api-v2-common/1.2.1+1802ada577/fabric-loot-api-v2-common-1.2.1+1802ada577.jar:/home/daunita/Desktop/cui/1.20.1/.gradle/loom-cache/remapped_mods/net_fabricmc_yarn_1_20_1_1_20_1_build_10_v2/net/fabricmc/fabric-api/fabric-message-api-v1-common/5.1.9+1802ada577/fabric-message-api-v1-common-5.1.9+1802ada577.jar:/home/daunita/Desktop/cui/1.20.1/.gradle/loom-cache/remapped_mods/net_fabricmc_yarn_1_20_1_1_20_1_build_10_v2/net/fabricmc/fabric-api/fabric-recipe-api-v1-common/1.0.21+1802ada577/fabric-recipe-api-v1-common-1.0.21+1802ada577.jar:/home/daunita/Desktop/cui/1.20.1/.gradle/loom-cache/remapped_mods/net_fabricmc_yarn_1_20_1_1_20_1_build_10_v2/net/fabricmc/fabric-api/fabric-registry-sync-v0-common/2.3.3+1802ada577/fabric-registry-sync-v0-common-2.3.3+1802ada577.jar:/home/daunita/Desktop/cui/1.20.1/.gradle/loom-cache/remapped_mods/net_fabricmc_yarn_1_20_1_1_20_1_build_10_v2/net/fabricmc/fabric-api/fabric-screen-handler-api-v1-common/1.3.30+1802ada577/fabric-screen-handler-api-v1-common-1.3.30+1802ada577.jar:/home/daunita/Desktop/cui/1.20.1/.gradle/loom-cache/remapped_mods/net_fabricmc_yarn_1_20_1_1_20_1_build_10_v2/net/fabricmc/fabric-api/fabric-containers-v0-common/0.1.64+df3654b377/fabric-containers-v0-common-0.1.64+df3654b377.jar:/home/daunita/Desktop/cui/1.20.1/.gradle/loom-cache/remapped_mods/net_fabricmc_yarn_1_20_1_1_20_1_build_10_v2/net/fabricmc/fabric-api/fabric-networking-v0-common/0.3.51+df3654b377/fabric-networking-v0-common-0.3.51+df3654b377.jar:/home/daunita/Desktop/cui/1.20.1/.gradle/loom-cache/remapped_mods/net_fabricmc_yarn_1_20_1_1_20_1_build_10_v2/net/fabricmc/fabric-api/fabric-networking-api-v1-common/1.3.11+1802ada577/fabric-networking-api-v1-common-1.3.11+1802ada577.jar:/home/daunita/Desktop/cui/1.20.1/.gradle/loom-cache/remapped_mods/net_fabricmc_yarn_1_20_1_1_20_1_build_10_v2/net/fabricmc/fabric-api/fabric-object-builder-api-v1-common/11.1.3+1802ada577/fabric-object-builder-api-v1-common-11.1.3+1802ada577.jar:/home/daunita/Desktop/cui/1.20.1/.gradle/loom-cache/remapped_mods/net_fabricmc_yarn_1_20_1_1_20_1_build_10_v2/net/fabricmc/fabric-api/fabric-particles-v1-common/1.1.2+1802ada577/fabric-particles-v1-common-1.1.2+1802ada577.jar:/home/daunita/Desktop/cui/1.20.1/.gradle/loom-cache/remapped_mods/net_fabricmc_yarn_1_20_1_1_20_1_build_10_v2/net/fabricmc/fabric-api/fabric-rendering-fluids-v1-common/3.0.28+1802ada577/fabric-rendering-fluids-v1-common-3.0.28+1802ada577.jar:/home/daunita/Desktop/cui/1.20.1/.gradle/loom-cache/remapped_mods/net_fabricmc_yarn_1_20_1_1_20_1_build_10_v2/net/fabricmc/fabric-api/fabric-api-base-common/0.4.31+1802ada577/fabric-api-base-common-0.4.31+1802ada577.jar:/home/daunita/Desktop/cui/1.20.1/.gradle/loom-cache/remapped_mods/net_fabricmc_yarn_1_20_1_1_20_1_build_10_v2/net/fabricmc/fabric-api/fabric-biome-api-v1-common/13.0.13+1802ada577/fabric-biome-api-v1-common-13.0.13+1802ada577.jar:/home/daunita/Desktop/cui/1.20.1/.gradle/loom-cache/remapped_mods/net_fabricmc_yarn_1_20_1_1_20_1_build_10_v2/net/fabricmc/fabric-api/fabric-block-api-v1-common/1.0.11+1802ada577/fabric-block-api-v1-common-1.0.11+1802ada577.jar:/home/daunita/Desktop/cui/1.20.1/.gradle/loom-cache/remapped_mods/net_fabricmc_yarn_1_20_1_1_20_1_build_10_v2/net/fabricmc/fabric-api/fabric-rendering-data-attachment-v1-common/0.3.37+92a0d36777/fabric-rendering-data-attachment-v1-common-0.3.37+92a0d36777.jar:/home/daunita/Desktop/cui/1.20.1/.gradle/loom-cache/remapped_mods/net_fabricmc_yarn_1_20_1_1_20_1_build_10_v2/net/fabricmc/fabric-api/fabric-block-view-api-v2-common/1.0.1+1802ada577/fabric-block-view-api-v2-common-1.0.1+1802ada577.jar:/home/daunita/Desktop/cui/1.20.1/.gradle/loom-cache/remapped_mods/net_fabricmc_yarn_1_20_1_1_20_1_build_10_v2/net/fabricmc/fabric-api/fabric-crash-report-info-v1-common/0.2.19+1802ada577/fabric-crash-report-info-v1-common-0.2.19+1802ada577.jar:/home/daunita/Desktop/cui/1.20.1/.gradle/loom-cache/remapped_mods/net_fabricmc_yarn_1_20_1_1_20_1_build_10_v2/net/fabricmc/fabric-api/fabric-game-rule-api-v1-common/1.0.40+1802ada577/fabric-game-rule-api-v1-common-1.0.40+1802ada577.jar:/home/daunita/Desktop/cui/1.20.1/.gradle/loom-cache/remapped_mods/net_fabricmc_yarn_1_20_1_1_20_1_build_10_v2/net/fabricmc/fabric-api/fabric-resource-conditions-api-v1-common/2.3.8+1802ada577/fabric-resource-conditions-api-v1-common-2.3.8+1802ada577.jar:/home/daunita/Desktop/cui/1.20.1/.gradle/loom-cache/remapped_mods/net_fabricmc_yarn_1_20_1_1_20_1_build_10_v2/net/fabricmc/fabric-api/fabric-resource-loader-v0-common/0.11.10+1802ada577/fabric-resource-loader-v0-common-0.11.10+1802ada577.jar:/home/daunita/Desktop/cui/1.20.1/.gradle/loom-cache/remapped_mods/net_fabricmc_yarn_1_20_1_1_20_1_build_10_v2/net/fabricmc/fabric-api/fabric-transitive-access-wideners-v1-common/4.3.1+1802ada577/fabric-transitive-access-wideners-v1-common-4.3.1+1802ada577.jar:/home/daunita/.gradle/caches/modules-2/files-2.1/org.jline/jline-reader/3.20.0/8f15415b022a25b473e8e16c28ae913186ffb9c4/jline-reader-3.20.0.jar:/home/daunita/.gradle/caches/modules-2/files-2.1/org.jline/jline-terminal/3.20.0/d0ddcc708ddf527a3454c941b7b9225cc83a15ff/jline-terminal-3.20.0.jar:/home/daunita/Desktop/cui/1.20.1/build/classes/java/main:/home/daunita/Desktop/cui/1.20.1/build/resources/main)
		at com.sun.jna.Native.extractFromResourcePath(Native.java:1145) ~[jna-5.12.1.jar:5.12.1 (b0)]
		at com.sun.jna.NativeLibrary.loadLibrary(NativeLibrary.java:281) ~[jna-5.12.1.jar:5.12.1 (b0)]
		at com.sun.jna.NativeLibrary.getInstance(NativeLibrary.java:467) ~[jna-5.12.1.jar:5.12.1 (b0)]
		at com.sun.jna.NativeLibrary.getInstance(NativeLibrary.java:409) ~[jna-5.12.1.jar:5.12.1 (b0)]
		at com.mojang.text2speech.NarratorLinux$FliteLibrary.loadNative(NarratorLinux.java:67) ~[text2speech-1.17.9.jar:?]
		at com.mojang.text2speech.NarratorLinux.<init>(NarratorLinux.java:18) ~[text2speech-1.17.9.jar:?]
		at com.mojang.text2speech.Narrator.getNarrator(Narrator.java:41) ~[text2speech-1.17.9.jar:?]
		at net.minecraft.client.util.NarratorManager.<init>(NarratorManager.java:31) ~[minecraft-clientOnly-7787b014d4-1.20.1-net.fabricmc.yarn.1_20_1.1.20.1+build.10-v2.jar:?]
		at net.minecraft.client.MinecraftClient.<init>(MinecraftClient.java:650) ~[minecraft-clientOnly-7787b014d4-1.20.1-net.fabricmc.yarn.1_20_1.1.20.1+build.10-v2.jar:?]
		at net.minecraft.client.main.Main.main(Main.java:188) ~[minecraft-clientOnly-7787b014d4-1.20.1-net.fabricmc.yarn.1_20_1.1.20.1+build.10-v2.jar:?]
		at net.fabricmc.loader.impl.game.minecraft.MinecraftGameProvider.launch(MinecraftGameProvider.java:470) ~[fabric-loader-0.15.11.jar:?]
		at net.fabricmc.loader.impl.launch.knot.Knot.launch(Knot.java:74) ~[fabric-loader-0.15.11.jar:?]
		at net.fabricmc.loader.impl.launch.knot.KnotClient.main(KnotClient.java:23) ~[fabric-loader-0.15.11.jar:?]
		at net.fabricmc.devlaunchinjector.Main.main(Main.java:86) ~[dev-launch-injector-0.2.1+build.8.jar:?]
[19:24:54] [Render thread/INFO] (Minecraft) Reloading ResourceManager: vanilla, fabric (fabric-resource-loader-v0, fabric-content-registries-v0, fabric-keybindings-v0, fabric-loot-api-v2, fabric-renderer-api-v1, fabric-rendering-fluids-v1, fabric-convention-tags-v1, fabric-data-generation-api-v1, fabric-item-api-v1, fabric-game-rule-api-v1, fabric-networking-v0, fabric-client-tags-api-v1, fabric-command-api-v1, fabric-loot-tables-v1, fabric-key-binding-api-v1, fabric-message-api-v1, fabric-renderer-indigo, fabric-registry-sync-v0, fabric-biome-api-v1, fabric-models-v0, fabric-resource-conditions-api-v1, fabric-dimensions-v1, fabric-entity-events-v1, fabric-blockrenderlayer-v1, fabric-mining-level-api-v1, fabric-block-api-v1, fabric-transitive-access-wideners-v1, fabric-commands-v0, fabric-data-attachment-api-v1, fabric-sound-api-v1, fabric-gametest-api-v1, fabric-containers-v0, fabricloader, fabric-renderer-registries-v1, fabric-lifecycle-events-v1, fabric-screen-handler-api-v1, fabric-rendering-v0, fabric-networking-api-v1, fabric-api, fabric-recipe-api-v1, fabric-transfer-api-v1, fabric-item-group-api-v1, cui, fabric-particles-v1, fabric-model-loading-api-v1, fabric-events-lifecycle-v0, fabric-screen-api-v1, fabric-rendering-data-attachment-v1, fabric-events-interaction-v0, fabric-rendering-v1, fabric-api-base, fabric-crash-report-info-v1, fabric-command-api-v2, fabric-object-builder-api-v1, fabric-api-lookup-api-v1, fabric-block-view-api-v2), file/Classic Faithful 32x Jappa - 1.20.1.zip
[19:24:55] [Worker-Main-13/INFO] (Minecraft) Found unifont_all_no_pua-15.0.06.hex, loading
[19:24:55] [Realms Notification Availability checker #1/INFO] (Minecraft) Could not authorize you against Realms server: Invalid session id
[19:24:56] [Render thread/WARN] (Minecraft) Missing sound for event: minecraft:item.goat_horn.play
[19:24:56] [Render thread/WARN] (Minecraft) Missing sound for event: minecraft:entity.goat.screaming.horn_break
[19:24:56] [Render thread/INFO] (Minecraft) OpenAL initialized on device Built-in Audio Analog Stereo
[19:24:56] [Render thread/INFO] (Minecraft) Sound engine started
[19:24:56] [Render thread/INFO] (Minecraft) Created: 2048x1024x4 minecraft:textures/atlas/blocks.png-atlas
[19:24:56] [Render thread/INFO] (Minecraft) Created: 512x512x4 minecraft:textures/atlas/signs.png-atlas
[19:24:56] [Render thread/INFO] (Minecraft) Created: 1024x1024x4 minecraft:textures/atlas/shield_patterns.png-atlas
[19:24:56] [Render thread/INFO] (Minecraft) Created: 1024x1024x4 minecraft:textures/atlas/banner_patterns.png-atlas
[19:24:56] [Render thread/INFO] (Minecraft) Created: 2048x2048x4 minecraft:textures/atlas/armor_trims.png-atlas
[19:24:56] [Render thread/INFO] (Minecraft) Created: 512x512x4 minecraft:textures/atlas/chest.png-atlas
[19:24:56] [Render thread/INFO] (Minecraft) Created: 256x128x4 minecraft:textures/atlas/decorated_pot.png-atlas
[19:24:56] [Render thread/INFO] (Minecraft) Created: 1024x512x4 minecraft:textures/atlas/shulker_boxes.png-atlas
[19:24:56] [Render thread/INFO] (Minecraft) Created: 1024x512x4 minecraft:textures/atlas/beds.png-atlas
[19:24:56] [Render thread/WARN] (Minecraft) Shader rendertype_entity_translucent_emissive could not find sampler named Sampler2 in the specified shader program.
[19:24:56] [Render thread/INFO] (Minecraft) Created: 512x512x0 minecraft:textures/atlas/particles.png-atlas
[19:24:56] [Render thread/INFO] (Minecraft) Created: 512x512x0 minecraft:textures/atlas/paintings.png-atlas
[19:24:56] [Render thread/INFO] (Minecraft) Created: 256x256x0 minecraft:textures/atlas/mob_effects.png-atlas
[19:25:07] [Render thread/INFO] (Minecraft) Reloading ResourceManager: vanilla, fabric (fabric-resource-loader-v0, fabric-content-registries-v0, fabric-keybindings-v0, fabric-loot-api-v2, fabric-renderer-api-v1, fabric-rendering-fluids-v1, fabric-convention-tags-v1, fabric-data-generation-api-v1, fabric-item-api-v1, fabric-game-rule-api-v1, fabric-networking-v0, fabric-client-tags-api-v1, fabric-command-api-v1, fabric-loot-tables-v1, fabric-key-binding-api-v1, fabric-message-api-v1, fabric-renderer-indigo, fabric-registry-sync-v0, fabric-biome-api-v1, fabric-models-v0, fabric-resource-conditions-api-v1, fabric-dimensions-v1, fabric-entity-events-v1, fabric-blockrenderlayer-v1, fabric-mining-level-api-v1, fabric-block-api-v1, fabric-transitive-access-wideners-v1, fabric-commands-v0, fabric-data-attachment-api-v1, fabric-sound-api-v1, fabric-gametest-api-v1, fabric-containers-v0, fabricloader, fabric-renderer-registries-v1, fabric-lifecycle-events-v1, fabric-screen-handler-api-v1, fabric-rendering-v0, fabric-networking-api-v1, fabric-api, fabric-recipe-api-v1, fabric-transfer-api-v1, fabric-item-group-api-v1, cui, fabric-particles-v1, fabric-model-loading-api-v1, fabric-events-lifecycle-v0, fabric-screen-api-v1, fabric-rendering-data-attachment-v1, fabric-events-interaction-v0, fabric-rendering-v1, fabric-api-base, fabric-crash-report-info-v1, fabric-command-api-v2, fabric-object-builder-api-v1, fabric-api-lookup-api-v1, fabric-block-view-api-v2), file/cui-tex
[19:25:07] [Worker-Main-15/INFO] (Minecraft) Found unifont_all_no_pua-15.0.06.hex, loading
[19:25:08] [Render thread/WARN] (Minecraft) Missing sound for event: minecraft:item.goat_horn.play
[19:25:08] [Render thread/WARN] (Minecraft) Missing sound for event: minecraft:entity.goat.screaming.horn_break
[19:25:08] [Render thread/INFO] (Minecraft) OpenAL initialized on device Built-in Audio Analog Stereo
[19:25:08] [Render thread/INFO] (Minecraft) Sound engine started
[19:25:08] [Render thread/INFO] (Minecraft) Created: 2048x1024x4 minecraft:textures/atlas/blocks.png-atlas
[19:25:08] [Render thread/INFO] (Minecraft) Created: 512x512x4 minecraft:textures/atlas/signs.png-atlas
[19:25:08] [Render thread/INFO] (Minecraft) Created: 1024x1024x4 minecraft:textures/atlas/shield_patterns.png-atlas
[19:25:08] [Render thread/INFO] (Minecraft) Created: 1024x1024x4 minecraft:textures/atlas/banner_patterns.png-atlas
[19:25:08] [Render thread/INFO] (Minecraft) Created: 2048x2048x4 minecraft:textures/atlas/armor_trims.png-atlas
[19:25:08] [Render thread/INFO] (Minecraft) Created: 512x512x4 minecraft:textures/atlas/chest.png-atlas
[19:25:08] [Render thread/INFO] (Minecraft) Created: 256x128x4 minecraft:textures/atlas/decorated_pot.png-atlas
[19:25:08] [Render thread/INFO] (Minecraft) Created: 1024x512x4 minecraft:textures/atlas/shulker_boxes.png-atlas
[19:25:08] [Render thread/INFO] (Minecraft) Created: 1024x512x4 minecraft:textures/atlas/beds.png-atlas
[19:25:08] [Render thread/WARN] (Minecraft) Shader rendertype_entity_translucent_emissive could not find sampler named Sampler2 in the specified shader program.
[19:25:08] [Render thread/INFO] (Minecraft) Created: 512x512x0 minecraft:textures/atlas/particles.png-atlas
[19:25:08] [Render thread/INFO] (Minecraft) Created: 512x512x0 minecraft:textures/atlas/paintings.png-atlas
[19:25:08] [Render thread/INFO] (Minecraft) Created: 256x256x0 minecraft:textures/atlas/mob_effects.png-atlas
[19:25:12] [Render thread/INFO] (Minecraft) Loaded 7 recipes
[19:25:12] [Render thread/INFO] (Minecraft) Loaded 1271 advancements
[19:25:13] [Render thread/INFO] (BiomeModificationImpl) Applied 0 biome modifications to 0 of 64 new biomes in 1.040 ms
[19:25:13] [Server thread/INFO] (Minecraft) Starting integrated minecraft server version 1.20.1
[19:25:13] [Server thread/INFO] (Minecraft) Generating keypair
[19:25:14] [Server thread/INFO] (Minecraft) Preparing start region for dimension minecraft:overworld
[19:25:16] [Render thread/INFO] (Minecraft) Preparing spawn area: 0%
[19:25:16] [Render thread/INFO] (Minecraft) Preparing spawn area: 0%
[19:25:16] [Render thread/INFO] (Minecraft) Preparing spawn area: 0%
[19:25:16] [Render thread/INFO] (Minecraft) Preparing spawn area: 0%
[19:25:16] [Render thread/INFO] (Minecraft) Preparing spawn area: 0%
[19:25:16] [Render thread/INFO] (Minecraft) Preparing spawn area: 0%
[19:25:17] [Render thread/INFO] (Minecraft) Preparing spawn area: 0%
[19:25:17] [Render thread/INFO] (Minecraft) Preparing spawn area: 43%
[19:25:18] [Render thread/INFO] (Minecraft) Time elapsed: 3940 ms
[19:25:18] [Server thread/INFO] (Minecraft) Changing view distance to 12, from 10
[19:25:18] [Server thread/INFO] (Minecraft) Changing simulation distance to 12, from 0
[19:25:18] [Server thread/INFO] (Minecraft) Player380[local:E:4abed459] logged in with entity id 163 at (-94.93849289763051, 105.0, -35.25387969526477)
[19:25:18] [Server thread/INFO] (Minecraft) Player380 joined the game
[19:25:19] [Render thread/INFO] (Minecraft) Loaded 5 advancements
[19:25:19] [Server thread/INFO] (Minecraft) Saving and pausing game...
[19:25:19] [Server thread/INFO] (Minecraft) Saving chunks for level 'ServerLevel[New World]'/minecraft:overworld
[19:25:20] [Server thread/INFO] (Minecraft) Saving chunks for level 'ServerLevel[New World]'/minecraft:the_nether
[19:25:20] [Server thread/INFO] (Minecraft) Saving chunks for level 'ServerLevel[New World]'/minecraft:the_end
[19:25:45] [Server thread/INFO] (Minecraft) Saving and pausing game...
[19:25:45] [Server thread/INFO] (Minecraft) Saving chunks for level 'ServerLevel[New World]'/minecraft:overworld
[19:25:45] [Server thread/INFO] (Minecraft) Saving chunks for level 'ServerLevel[New World]'/minecraft:the_nether
[19:25:45] [Server thread/INFO] (Minecraft) Saving chunks for level 'ServerLevel[New World]'/minecraft:the_end
[19:26:13] [Server thread/INFO] (Minecraft) Saving and pausing game...
[19:26:13] [Server thread/INFO] (Minecraft) Saving chunks for level 'ServerLevel[New World]'/minecraft:overworld
[19:26:13] [Server thread/INFO] (Minecraft) Saving chunks for level 'ServerLevel[New World]'/minecraft:the_nether
[19:26:13] [Server thread/INFO] (Minecraft) Saving chunks for level 'ServerLevel[New World]'/minecraft:the_end
[19:26:38] [Server thread/INFO] (Minecraft) Saving and pausing game...
[19:26:38] [Server thread/INFO] (Minecraft) Saving chunks for level 'ServerLevel[New World]'/minecraft:overworld
[19:26:38] [Server thread/INFO] (Minecraft) Saving chunks for level 'ServerLevel[New World]'/minecraft:the_nether
[19:26:38] [Server thread/INFO] (Minecraft) Saving chunks for level 'ServerLevel[New World]'/minecraft:the_end
[19:26:38] [Server thread/INFO] (Minecraft) Player380 lost connection: Disconnected
[19:26:38] [Server thread/INFO] (Minecraft) Player380 left the game
[19:26:38] [Server thread/INFO] (Minecraft) Stopping singleplayer server as player logged out
[19:26:39] [Server thread/INFO] (Minecraft) Stopping server
[19:26:39] [Server thread/INFO] (Minecraft) Saving players
[19:26:39] [Server thread/INFO] (Minecraft) Saving worlds
[19:26:39] [Server thread/INFO] (Minecraft) Saving chunks for level 'ServerLevel[New World]'/minecraft:overworld
[19:26:39] [Server thread/INFO] (Minecraft) Saving chunks for level 'ServerLevel[New World]'/minecraft:the_nether
[19:26:39] [Server thread/INFO] (Minecraft) Saving chunks for level 'ServerLevel[New World]'/minecraft:the_end
[19:26:39] [Server thread/INFO] (Minecraft) ThreadedAnvilChunkStorage (New World): All chunks are saved
[19:26:39] [Server thread/INFO] (Minecraft) ThreadedAnvilChunkStorage (DIM-1): All chunks are saved
[19:26:39] [Server thread/INFO] (Minecraft) ThreadedAnvilChunkStorage (DIM1): All chunks are saved
[19:26:39] [Server thread/INFO] (Minecraft) ThreadedAnvilChunkStorage: All dimensions are saved
[19:26:39] [Render thread/INFO] (Minecraft) Stopping!
